{"/Users/richardperdomo/Desktop/Separate-projects/Itacademy/Sprint3/starter-code-sprint3/js/grocery.js": {"path":"/Users/richardperdomo/Desktop/Separate-projects/Itacademy/Sprint3/starter-code-sprint3/js/grocery.js","statementMap":{"0":{"start":{"line":3,"column":13},"end":{"line":3,"column":44}},"1":{"start":{"line":4,"column":24},"end":{"line":4,"column":65}},"2":{"start":{"line":5,"column":14},"end":{"line":5,"column":50}},"3":{"start":{"line":6,"column":18},"end":{"line":6,"column":55}},"4":{"start":{"line":8,"column":17},"end":{"line":8,"column":52}},"5":{"start":{"line":10,"column":17},"end":{"line":10,"column":54}},"6":{"start":{"line":13,"column":2},"end":{"line":13,"column":32}},"7":{"start":{"line":14,"column":2},"end":{"line":16,"column":8}},"8":{"start":{"line":15,"column":4},"end":{"line":15,"column":37}},"9":{"start":{"line":19,"column":0},"end":{"line":23,"column":2}},"10":{"start":{"line":20,"column":2},"end":{"line":20,"column":47}},"11":{"start":{"line":22,"column":2},"end":{"line":22,"column":44}},"12":{"start":{"line":25,"column":15},"end":{"line":25,"column":17}},"13":{"start":{"line":26,"column":11},"end":{"line":26,"column":13}},"14":{"start":{"line":27,"column":17},"end":{"line":40,"column":1}},"15":{"start":{"line":42,"column":12},"end":{"line":42,"column":13}},"16":{"start":{"line":44,"column":0},"end":{"line":44,"column":66}},"17":{"start":{"line":44,"column":35},"end":{"line":44,"column":66}},"18":{"start":{"line":48,"column":25},"end":{"line":48,"column":74}},"19":{"start":{"line":48,"column":52},"end":{"line":48,"column":73}},"20":{"start":{"line":50,"column":2},"end":{"line":54,"column":3}},"21":{"start":{"line":51,"column":4},"end":{"line":51,"column":45}},"22":{"start":{"line":53,"column":4},"end":{"line":53,"column":33}},"23":{"start":{"line":56,"column":2},"end":{"line":56,"column":17}},"24":{"start":{"line":61,"column":2},"end":{"line":61,"column":21}},"25":{"start":{"line":62,"column":2},"end":{"line":62,"column":17}},"26":{"start":{"line":66,"column":2},"end":{"line":66,"column":17}},"27":{"start":{"line":67,"column":2},"end":{"line":67,"column":13}},"28":{"start":{"line":71,"column":20},"end":{"line":75,"column":1}},"29":{"start":{"line":77,"column":21},"end":{"line":81,"column":3}},"30":{"start":{"line":82,"column":2},"end":{"line":95,"column":3}},"31":{"start":{"line":82,"column":15},"end":{"line":82,"column":16}},"32":{"start":{"line":83,"column":4},"end":{"line":94,"column":5}},"33":{"start":{"line":85,"column":8},"end":{"line":85,"column":47}},"34":{"start":{"line":86,"column":8},"end":{"line":86,"column":13}},"35":{"start":{"line":89,"column":8},"end":{"line":89,"column":46}},"36":{"start":{"line":90,"column":8},"end":{"line":90,"column":13}},"37":{"start":{"line":92,"column":8},"end":{"line":92,"column":47}},"38":{"start":{"line":93,"column":8},"end":{"line":93,"column":13}},"39":{"start":{"line":96,"column":2},"end":{"line":96,"column":79}},"40":{"start":{"line":97,"column":2},"end":{"line":97,"column":17}},"41":{"start":{"line":99,"column":27},"end":{"line":112,"column":1}},"42":{"start":{"line":100,"column":2},"end":{"line":111,"column":3}},"43":{"start":{"line":101,"column":4},"end":{"line":101,"column":59}},"44":{"start":{"line":102,"column":4},"end":{"line":102,"column":33}},"45":{"start":{"line":103,"column":9},"end":{"line":111,"column":3}},"46":{"start":{"line":104,"column":4},"end":{"line":104,"column":56}},"47":{"start":{"line":105,"column":4},"end":{"line":105,"column":31}},"48":{"start":{"line":106,"column":9},"end":{"line":111,"column":3}},"49":{"start":{"line":107,"column":4},"end":{"line":107,"column":59}},"50":{"start":{"line":108,"column":4},"end":{"line":108,"column":33}},"51":{"start":{"line":110,"column":4},"end":{"line":110,"column":57}},"52":{"start":{"line":116,"column":2},"end":{"line":116,"column":22}},"53":{"start":{"line":118,"column":12},"end":{"line":118,"column":13}},"54":{"start":{"line":119,"column":2},"end":{"line":121,"column":3}},"55":{"start":{"line":120,"column":4},"end":{"line":120,"column":57}},"56":{"start":{"line":122,"column":2},"end":{"line":122,"column":13}},"57":{"start":{"line":123,"column":2},"end":{"line":123,"column":14}},"58":{"start":{"line":128,"column":28},"end":{"line":128,"column":29}},"59":{"start":{"line":129,"column":26},"end":{"line":129,"column":27}},"60":{"start":{"line":131,"column":24},"end":{"line":134,"column":3}},"61":{"start":{"line":136,"column":2},"end":{"line":145,"column":5}},"62":{"start":{"line":139,"column":8},"end":{"line":139,"column":78}},"63":{"start":{"line":142,"column":6},"end":{"line":144,"column":36}},"64":{"start":{"line":147,"column":2},"end":{"line":147,"column":28}},"65":{"start":{"line":149,"column":2},"end":{"line":149,"column":46}},"66":{"start":{"line":150,"column":2},"end":{"line":150,"column":42}},"67":{"start":{"line":152,"column":2},"end":{"line":152,"column":25}},"68":{"start":{"line":155,"column":27},"end":{"line":172,"column":1}},"69":{"start":{"line":156,"column":34},"end":{"line":156,"column":64}},"70":{"start":{"line":158,"column":24},"end":{"line":158,"column":56}},"71":{"start":{"line":160,"column":2},"end":{"line":160,"column":55}},"72":{"start":{"line":162,"column":22},"end":{"line":162,"column":76}},"73":{"start":{"line":164,"column":2},"end":{"line":164,"column":28}},"74":{"start":{"line":166,"column":2},"end":{"line":171,"column":3}},"75":{"start":{"line":167,"column":4},"end":{"line":167,"column":68}},"76":{"start":{"line":168,"column":4},"end":{"line":168,"column":39}},"77":{"start":{"line":170,"column":4},"end":{"line":170,"column":32}},"78":{"start":{"line":174,"column":23},"end":{"line":190,"column":1}},"79":{"start":{"line":175,"column":33},"end":{"line":175,"column":47}},"80":{"start":{"line":176,"column":30},"end":{"line":176,"column":56}},"81":{"start":{"line":178,"column":2},"end":{"line":189,"column":3}},"82":{"start":{"line":182,"column":4},"end":{"line":182,"column":79}},"83":{"start":{"line":183,"column":4},"end":{"line":183,"column":50}},"84":{"start":{"line":185,"column":4},"end":{"line":185,"column":54}},"85":{"start":{"line":187,"column":4},"end":{"line":187,"column":42}},"86":{"start":{"line":188,"column":4},"end":{"line":188,"column":32}},"87":{"start":{"line":194,"column":18},"end":{"line":201,"column":3}},"88":{"start":{"line":195,"column":4},"end":{"line":199,"column":5}},"89":{"start":{"line":196,"column":6},"end":{"line":196,"column":18}},"90":{"start":{"line":198,"column":6},"end":{"line":198,"column":16}},"91":{"start":{"line":200,"column":4},"end":{"line":200,"column":14}},"92":{"start":{"line":203,"column":21},"end":{"line":203,"column":74}},"93":{"start":{"line":203,"column":44},"end":{"line":203,"column":53}},"94":{"start":{"line":204,"column":25},"end":{"line":204,"column":48}},"95":{"start":{"line":206,"column":2},"end":{"line":239,"column":4}},"96":{"start":{"line":207,"column":22},"end":{"line":207,"column":64}},"97":{"start":{"line":207,"column":46},"end":{"line":207,"column":63}},"98":{"start":{"line":208,"column":22},"end":{"line":208,"column":71}},"99":{"start":{"line":208,"column":42},"end":{"line":208,"column":70}},"100":{"start":{"line":210,"column":4},"end":{"line":212,"column":5}},"101":{"start":{"line":211,"column":6},"end":{"line":211,"column":26}},"102":{"start":{"line":214,"column":4},"end":{"line":214,"column":40}},"103":{"start":{"line":215,"column":4},"end":{"line":215,"column":58}},"104":{"start":{"line":217,"column":4},"end":{"line":219,"column":5}},"105":{"start":{"line":218,"column":6},"end":{"line":218,"column":40}},"106":{"start":{"line":221,"column":4},"end":{"line":223,"column":5}},"107":{"start":{"line":222,"column":6},"end":{"line":222,"column":28}},"108":{"start":{"line":225,"column":4},"end":{"line":238,"column":5}},"109":{"start":{"line":226,"column":21},"end":{"line":226,"column":55}},"110":{"start":{"line":227,"column":6},"end":{"line":229,"column":7}},"111":{"start":{"line":228,"column":8},"end":{"line":228,"column":38}},"112":{"start":{"line":230,"column":11},"end":{"line":238,"column":5}},"113":{"start":{"line":231,"column":21},"end":{"line":231,"column":59}},"114":{"start":{"line":232,"column":6},"end":{"line":237,"column":7}},"115":{"start":{"line":233,"column":28},"end":{"line":233,"column":57}},"116":{"start":{"line":235,"column":8},"end":{"line":235,"column":34}},"117":{"start":{"line":236,"column":8},"end":{"line":236,"column":43}},"118":{"start":{"line":240,"column":2},"end":{"line":240,"column":23}},"119":{"start":{"line":241,"column":2},"end":{"line":241,"column":13}},"120":{"start":{"line":246,"column":24},"end":{"line":248,"column":3}},"121":{"start":{"line":247,"column":4},"end":{"line":247,"column":58}},"122":{"start":{"line":250,"column":2},"end":{"line":250,"column":45}},"123":{"start":{"line":250,"column":25},"end":{"line":250,"column":44}},"124":{"start":{"line":251,"column":2},"end":{"line":251,"column":13}},"125":{"start":{"line":256,"column":2},"end":{"line":256,"column":62}},"126":{"start":{"line":256,"column":38},"end":{"line":256,"column":61}},"127":{"start":{"line":258,"column":2},"end":{"line":259,"column":73}},"128":{"start":{"line":259,"column":4},"end":{"line":259,"column":73}},"129":{"start":{"line":261,"column":2},"end":{"line":261,"column":38}},"130":{"start":{"line":263,"column":20},"end":{"line":263,"column":69}},"131":{"start":{"line":263,"column":40},"end":{"line":263,"column":68}},"132":{"start":{"line":265,"column":2},"end":{"line":278,"column":3}},"133":{"start":{"line":266,"column":26},"end":{"line":270,"column":5}},"134":{"start":{"line":272,"column":4},"end":{"line":272,"column":50}},"135":{"start":{"line":273,"column":4},"end":{"line":273,"column":52}},"136":{"start":{"line":274,"column":4},"end":{"line":274,"column":24}},"137":{"start":{"line":276,"column":4},"end":{"line":276,"column":33}},"138":{"start":{"line":277,"column":4},"end":{"line":277,"column":25}},"139":{"start":{"line":280,"column":2},"end":{"line":280,"column":13}},"140":{"start":{"line":283,"column":27},"end":{"line":307,"column":1}},"141":{"start":{"line":284,"column":20},"end":{"line":284,"column":69}},"142":{"start":{"line":284,"column":40},"end":{"line":284,"column":68}},"143":{"start":{"line":286,"column":2},"end":{"line":286,"column":22}},"144":{"start":{"line":288,"column":2},"end":{"line":288,"column":72}},"145":{"start":{"line":290,"column":2},"end":{"line":305,"column":3}},"146":{"start":{"line":291,"column":19},"end":{"line":291,"column":53}},"147":{"start":{"line":293,"column":4},"end":{"line":293,"column":25}},"148":{"start":{"line":294,"column":4},"end":{"line":296,"column":5}},"149":{"start":{"line":295,"column":6},"end":{"line":295,"column":36}},"150":{"start":{"line":297,"column":9},"end":{"line":305,"column":3}},"151":{"start":{"line":298,"column":19},"end":{"line":298,"column":57}},"152":{"start":{"line":300,"column":4},"end":{"line":304,"column":5}},"153":{"start":{"line":301,"column":26},"end":{"line":301,"column":55}},"154":{"start":{"line":303,"column":6},"end":{"line":303,"column":41}},"155":{"start":{"line":306,"column":2},"end":{"line":306,"column":18}},"156":{"start":{"line":312,"column":2},"end":{"line":312,"column":68}},"157":{"start":{"line":312,"column":41},"end":{"line":312,"column":67}},"158":{"start":{"line":314,"column":20},"end":{"line":314,"column":72}},"159":{"start":{"line":314,"column":40},"end":{"line":314,"column":71}},"160":{"start":{"line":316,"column":2},"end":{"line":317,"column":77}},"161":{"start":{"line":317,"column":4},"end":{"line":317,"column":77}},"162":{"start":{"line":319,"column":2},"end":{"line":377,"column":3}},"163":{"start":{"line":320,"column":4},"end":{"line":320,"column":24}},"164":{"start":{"line":322,"column":4},"end":{"line":329,"column":5}},"165":{"start":{"line":326,"column":6},"end":{"line":326,"column":43}},"166":{"start":{"line":327,"column":6},"end":{"line":327,"column":56}},"167":{"start":{"line":328,"column":6},"end":{"line":328,"column":55}},"168":{"start":{"line":331,"column":4},"end":{"line":350,"column":5}},"169":{"start":{"line":332,"column":21},"end":{"line":332,"column":55}},"170":{"start":{"line":334,"column":6},"end":{"line":334,"column":31}},"171":{"start":{"line":336,"column":28},"end":{"line":336,"column":50}},"172":{"start":{"line":338,"column":6},"end":{"line":338,"column":43}},"173":{"start":{"line":340,"column":6},"end":{"line":349,"column":7}},"174":{"start":{"line":345,"column":8},"end":{"line":345,"column":32}},"175":{"start":{"line":346,"column":8},"end":{"line":346,"column":80}},"176":{"start":{"line":348,"column":8},"end":{"line":348,"column":80}},"177":{"start":{"line":352,"column":4},"end":{"line":365,"column":5}},"178":{"start":{"line":353,"column":6},"end":{"line":353,"column":29}},"179":{"start":{"line":354,"column":21},"end":{"line":354,"column":59}},"180":{"start":{"line":356,"column":6},"end":{"line":356,"column":63}},"181":{"start":{"line":357,"column":6},"end":{"line":357,"column":79}},"182":{"start":{"line":359,"column":6},"end":{"line":364,"column":7}},"183":{"start":{"line":360,"column":8},"end":{"line":360,"column":37}},"184":{"start":{"line":362,"column":8},"end":{"line":362,"column":30}},"185":{"start":{"line":363,"column":8},"end":{"line":363,"column":77}},"186":{"start":{"line":367,"column":4},"end":{"line":373,"column":5}},"187":{"start":{"line":368,"column":30},"end":{"line":370,"column":7}},"188":{"start":{"line":369,"column":18},"end":{"line":369,"column":46}},"189":{"start":{"line":371,"column":6},"end":{"line":371,"column":35}},"190":{"start":{"line":372,"column":6},"end":{"line":372,"column":28}},"191":{"start":{"line":374,"column":4},"end":{"line":374,"column":58}},"192":{"start":{"line":374,"column":27},"end":{"line":374,"column":58}},"193":{"start":{"line":376,"column":4},"end":{"line":376,"column":60}},"194":{"start":{"line":379,"column":2},"end":{"line":379,"column":13}},"195":{"start":{"line":382,"column":33},"end":{"line":395,"column":1}},"196":{"start":{"line":383,"column":18},"end":{"line":383,"column":55}},"197":{"start":{"line":383,"column":39},"end":{"line":383,"column":55}},"198":{"start":{"line":385,"column":19},"end":{"line":385,"column":51}},"199":{"start":{"line":387,"column":2},"end":{"line":394,"column":3}},"200":{"start":{"line":388,"column":4},"end":{"line":388,"column":43}},"201":{"start":{"line":389,"column":4},"end":{"line":389,"column":29}},"202":{"start":{"line":391,"column":18},"end":{"line":391,"column":79}},"203":{"start":{"line":391,"column":37},"end":{"line":391,"column":62}},"204":{"start":{"line":392,"column":4},"end":{"line":392,"column":47}},"205":{"start":{"line":393,"column":4},"end":{"line":393,"column":16}},"206":{"start":{"line":398,"column":2},"end":{"line":398,"column":68}},"207":{"start":{"line":398,"column":41},"end":{"line":398,"column":68}},"208":{"start":{"line":400,"column":17},"end":{"line":400,"column":25}},"209":{"start":{"line":402,"column":2},"end":{"line":402,"column":31}},"210":{"start":{"line":404,"column":2},"end":{"line":406,"column":9}},"211":{"start":{"line":405,"column":4},"end":{"line":405,"column":36}},"212":{"start":{"line":408,"column":20},"end":{"line":408,"column":77}},"213":{"start":{"line":410,"column":2},"end":{"line":410,"column":22}},"214":{"start":{"line":411,"column":2},"end":{"line":411,"column":14}},"215":{"start":{"line":413,"column":22},"end":{"line":413,"column":66}},"216":{"start":{"line":413,"column":42},"end":{"line":413,"column":65}},"217":{"start":{"line":415,"column":2},"end":{"line":415,"column":24}},"218":{"start":{"line":421,"column":23},"end":{"line":423,"column":3}},"219":{"start":{"line":424,"column":2},"end":{"line":424,"column":41}},"220":{"start":{"line":424,"column":13},"end":{"line":424,"column":41}},"221":{"start":{"line":425,"column":23},"end":{"line":425,"column":54}},"222":{"start":{"line":426,"column":22},"end":{"line":426,"column":54}},"223":{"start":{"line":427,"column":21},"end":{"line":427,"column":53}},"224":{"start":{"line":429,"column":2},"end":{"line":429,"column":41}},"225":{"start":{"line":429,"column":20},"end":{"line":429,"column":41}},"226":{"start":{"line":431,"column":19},"end":{"line":431,"column":47}},"227":{"start":{"line":432,"column":21},"end":{"line":438,"column":3}},"228":{"start":{"line":440,"column":2},"end":{"line":440,"column":41}},"229":{"start":{"line":442,"column":2},"end":{"line":491,"column":3}},"230":{"start":{"line":442,"column":15},"end":{"line":442,"column":16}},"231":{"start":{"line":443,"column":26},"end":{"line":443,"column":67}},"232":{"start":{"line":445,"column":28},"end":{"line":452,"column":5}},"233":{"start":{"line":454,"column":16},"end":{"line":454,"column":45}},"234":{"start":{"line":457,"column":6},"end":{"line":460,"column":53}},"235":{"start":{"line":462,"column":4},"end":{"line":470,"column":5}},"236":{"start":{"line":463,"column":6},"end":{"line":463,"column":43}},"237":{"start":{"line":465,"column":6},"end":{"line":465,"column":47}},"238":{"start":{"line":466,"column":25},"end":{"line":466,"column":53}},"239":{"start":{"line":467,"column":6},"end":{"line":467,"column":41}},"240":{"start":{"line":469,"column":6},"end":{"line":469,"column":34}},"241":{"start":{"line":472,"column":4},"end":{"line":476,"column":5}},"242":{"start":{"line":473,"column":6},"end":{"line":473,"column":32}},"243":{"start":{"line":475,"column":6},"end":{"line":475,"column":45}},"244":{"start":{"line":478,"column":4},"end":{"line":490,"column":5}},"245":{"start":{"line":479,"column":6},"end":{"line":479,"column":34}},"246":{"start":{"line":481,"column":6},"end":{"line":487,"column":7}},"247":{"start":{"line":482,"column":8},"end":{"line":482,"column":47}},"248":{"start":{"line":483,"column":27},"end":{"line":483,"column":55}},"249":{"start":{"line":484,"column":8},"end":{"line":484,"column":42}},"250":{"start":{"line":486,"column":8},"end":{"line":486,"column":35}},"251":{"start":{"line":489,"column":6},"end":{"line":489,"column":31}},"252":{"start":{"line":493,"column":2},"end":{"line":493,"column":51}},"253":{"start":{"line":495,"column":2},"end":{"line":500,"column":4}},"254":{"start":{"line":496,"column":4},"end":{"line":496,"column":29}},"255":{"start":{"line":497,"column":24},"end":{"line":497,"column":72}},"256":{"start":{"line":497,"column":46},"end":{"line":497,"column":71}},"257":{"start":{"line":498,"column":4},"end":{"line":498,"column":26}},"258":{"start":{"line":499,"column":4},"end":{"line":499,"column":30}},"259":{"start":{"line":501,"column":2},"end":{"line":506,"column":4}},"260":{"start":{"line":502,"column":4},"end":{"line":502,"column":24}},"261":{"start":{"line":503,"column":24},"end":{"line":503,"column":72}},"262":{"start":{"line":503,"column":46},"end":{"line":503,"column":71}},"263":{"start":{"line":504,"column":4},"end":{"line":504,"column":26}},"264":{"start":{"line":505,"column":4},"end":{"line":505,"column":30}},"265":{"start":{"line":508,"column":2},"end":{"line":508,"column":45}},"266":{"start":{"line":509,"column":2},"end":{"line":512,"column":10}},"267":{"start":{"line":510,"column":4},"end":{"line":510,"column":30}},"268":{"start":{"line":511,"column":4},"end":{"line":511,"column":47}},"269":{"start":{"line":514,"column":2},"end":{"line":514,"column":28}},"270":{"start":{"line":516,"column":20},"end":{"line":516,"column":74}},"271":{"start":{"line":518,"column":2},"end":{"line":518,"column":28}},"272":{"start":{"line":520,"column":2},"end":{"line":520,"column":55}},"273":{"start":{"line":520,"column":17},"end":{"line":520,"column":55}},"274":{"start":{"line":523,"column":0},"end":{"line":539,"column":1}}},"fnMap":{"0":{"name":"changeIcon","decl":{"start":{"line":12,"column":9},"end":{"line":12,"column":19}},"loc":{"start":{"line":12,"column":22},"end":{"line":17,"column":1}},"line":12},"1":{"name":"(anonymous_1)","decl":{"start":{"line":14,"column":13},"end":{"line":14,"column":14}},"loc":{"start":{"line":14,"column":19},"end":{"line":16,"column":3}},"line":14},"2":{"name":"(anonymous_2)","decl":{"start":{"line":19,"column":24},"end":{"line":19,"column":25}},"loc":{"start":{"line":19,"column":37},"end":{"line":23,"column":1}},"line":19},"3":{"name":"addToCartList","decl":{"start":{"line":47,"column":9},"end":{"line":47,"column":22}},"loc":{"start":{"line":47,"column":29},"end":{"line":57,"column":1}},"line":47},"4":{"name":"(anonymous_4)","decl":{"start":{"line":48,"column":39},"end":{"line":48,"column":40}},"loc":{"start":{"line":48,"column":52},"end":{"line":48,"column":73}},"line":48},"5":{"name":"cleanCart","decl":{"start":{"line":60,"column":9},"end":{"line":60,"column":18}},"loc":{"start":{"line":60,"column":21},"end":{"line":63,"column":1}},"line":60},"6":{"name":"cleanDefinive","decl":{"start":{"line":65,"column":9},"end":{"line":65,"column":22}},"loc":{"start":{"line":65,"column":25},"end":{"line":68,"column":1}},"line":65},"7":{"name":"calculateSubtotals","decl":{"start":{"line":76,"column":9},"end":{"line":76,"column":27}},"loc":{"start":{"line":76,"column":30},"end":{"line":98,"column":1}},"line":76},"8":{"name":"(anonymous_8)","decl":{"start":{"line":99,"column":27},"end":{"line":99,"column":28}},"loc":{"start":{"line":99,"column":57},"end":{"line":112,"column":1}},"line":99},"9":{"name":"calculateTotal","decl":{"start":{"line":115,"column":9},"end":{"line":115,"column":23}},"loc":{"start":{"line":115,"column":26},"end":{"line":124,"column":1}},"line":115},"10":{"name":"applyPromotionsSubtotals","decl":{"start":{"line":130,"column":9},"end":{"line":130,"column":33}},"loc":{"start":{"line":130,"column":36},"end":{"line":153,"column":1}},"line":130},"11":{"name":"(anonymous_11)","decl":{"start":{"line":138,"column":6},"end":{"line":138,"column":7}},"loc":{"start":{"line":139,"column":8},"end":{"line":139,"column":78}},"line":139},"12":{"name":"(anonymous_12)","decl":{"start":{"line":141,"column":9},"end":{"line":141,"column":10}},"loc":{"start":{"line":142,"column":6},"end":{"line":144,"column":36}},"line":142},"13":{"name":"(anonymous_13)","decl":{"start":{"line":155,"column":27},"end":{"line":155,"column":28}},"loc":{"start":{"line":155,"column":43},"end":{"line":172,"column":1}},"line":155},"14":{"name":"(anonymous_14)","decl":{"start":{"line":174,"column":23},"end":{"line":174,"column":24}},"loc":{"start":{"line":174,"column":39},"end":{"line":190,"column":1}},"line":174},"15":{"name":"generateCart","decl":{"start":{"line":193,"column":9},"end":{"line":193,"column":21}},"loc":{"start":{"line":193,"column":24},"end":{"line":242,"column":1}},"line":193},"16":{"name":"(anonymous_16)","decl":{"start":{"line":194,"column":18},"end":{"line":194,"column":19}},"loc":{"start":{"line":194,"column":32},"end":{"line":201,"column":3}},"line":194},"17":{"name":"(anonymous_17)","decl":{"start":{"line":203,"column":34},"end":{"line":203,"column":35}},"loc":{"start":{"line":203,"column":44},"end":{"line":203,"column":53}},"line":203},"18":{"name":"(anonymous_18)","decl":{"start":{"line":206,"column":21},"end":{"line":206,"column":22}},"loc":{"start":{"line":206,"column":30},"end":{"line":239,"column":3}},"line":206},"19":{"name":"(anonymous_19)","decl":{"start":{"line":207,"column":36},"end":{"line":207,"column":37}},"loc":{"start":{"line":207,"column":46},"end":{"line":207,"column":63}},"line":207},"20":{"name":"(anonymous_20)","decl":{"start":{"line":208,"column":32},"end":{"line":208,"column":33}},"loc":{"start":{"line":208,"column":42},"end":{"line":208,"column":70}},"line":208},"21":{"name":"applyPromotionsCart","decl":{"start":{"line":245,"column":9},"end":{"line":245,"column":28}},"loc":{"start":{"line":245,"column":31},"end":{"line":252,"column":1}},"line":245},"22":{"name":"(anonymous_22)","decl":{"start":{"line":246,"column":24},"end":{"line":246,"column":25}},"loc":{"start":{"line":246,"column":33},"end":{"line":248,"column":3}},"line":246},"23":{"name":"(anonymous_23)","decl":{"start":{"line":250,"column":15},"end":{"line":250,"column":16}},"loc":{"start":{"line":250,"column":25},"end":{"line":250,"column":44}},"line":250},"24":{"name":"addToCart","decl":{"start":{"line":255,"column":9},"end":{"line":255,"column":18}},"loc":{"start":{"line":255,"column":30},"end":{"line":281,"column":1}},"line":255},"25":{"name":"(anonymous_25)","decl":{"start":{"line":256,"column":28},"end":{"line":256,"column":29}},"loc":{"start":{"line":256,"column":38},"end":{"line":256,"column":61}},"line":256},"26":{"name":"(anonymous_26)","decl":{"start":{"line":263,"column":30},"end":{"line":263,"column":31}},"loc":{"start":{"line":263,"column":40},"end":{"line":263,"column":68}},"line":263},"27":{"name":"(anonymous_27)","decl":{"start":{"line":283,"column":27},"end":{"line":283,"column":28}},"loc":{"start":{"line":283,"column":42},"end":{"line":307,"column":1}},"line":283},"28":{"name":"(anonymous_28)","decl":{"start":{"line":284,"column":30},"end":{"line":284,"column":31}},"loc":{"start":{"line":284,"column":40},"end":{"line":284,"column":68}},"line":284},"29":{"name":"removeFromCart","decl":{"start":{"line":311,"column":9},"end":{"line":311,"column":23}},"loc":{"start":{"line":311,"column":38},"end":{"line":380,"column":1}},"line":311},"30":{"name":"(anonymous_30)","decl":{"start":{"line":312,"column":31},"end":{"line":312,"column":32}},"loc":{"start":{"line":312,"column":41},"end":{"line":312,"column":67}},"line":312},"31":{"name":"(anonymous_31)","decl":{"start":{"line":314,"column":30},"end":{"line":314,"column":31}},"loc":{"start":{"line":314,"column":40},"end":{"line":314,"column":71}},"line":314},"32":{"name":"(anonymous_32)","decl":{"start":{"line":369,"column":8},"end":{"line":369,"column":9}},"loc":{"start":{"line":369,"column":18},"end":{"line":369,"column":46}},"line":369},"33":{"name":"(anonymous_33)","decl":{"start":{"line":382,"column":33},"end":{"line":382,"column":34}},"loc":{"start":{"line":382,"column":39},"end":{"line":395,"column":1}},"line":382},"34":{"name":"(anonymous_34)","decl":{"start":{"line":383,"column":18},"end":{"line":383,"column":19}},"loc":{"start":{"line":383,"column":39},"end":{"line":383,"column":55}},"line":383},"35":{"name":"(anonymous_35)","decl":{"start":{"line":391,"column":27},"end":{"line":391,"column":28}},"loc":{"start":{"line":391,"column":37},"end":{"line":391,"column":62}},"line":391},"36":{"name":"selectItem","decl":{"start":{"line":397,"column":9},"end":{"line":397,"column":19}},"loc":{"start":{"line":397,"column":23},"end":{"line":416,"column":1}},"line":397},"37":{"name":"(anonymous_37)","decl":{"start":{"line":404,"column":13},"end":{"line":404,"column":14}},"loc":{"start":{"line":404,"column":19},"end":{"line":406,"column":3}},"line":404},"38":{"name":"(anonymous_38)","decl":{"start":{"line":413,"column":32},"end":{"line":413,"column":33}},"loc":{"start":{"line":413,"column":42},"end":{"line":413,"column":65}},"line":413},"39":{"name":"printCart","decl":{"start":{"line":420,"column":9},"end":{"line":420,"column":18}},"loc":{"start":{"line":420,"column":25},"end":{"line":521,"column":1}},"line":420},"40":{"name":"(anonymous_40)","decl":{"start":{"line":495,"column":40},"end":{"line":495,"column":41}},"loc":{"start":{"line":495,"column":46},"end":{"line":500,"column":3}},"line":495},"41":{"name":"(anonymous_41)","decl":{"start":{"line":497,"column":34},"end":{"line":497,"column":35}},"loc":{"start":{"line":497,"column":46},"end":{"line":497,"column":71}},"line":497},"42":{"name":"(anonymous_42)","decl":{"start":{"line":501,"column":39},"end":{"line":501,"column":40}},"loc":{"start":{"line":501,"column":45},"end":{"line":506,"column":3}},"line":501},"43":{"name":"(anonymous_43)","decl":{"start":{"line":503,"column":34},"end":{"line":503,"column":35}},"loc":{"start":{"line":503,"column":46},"end":{"line":503,"column":71}},"line":503},"44":{"name":"(anonymous_44)","decl":{"start":{"line":509,"column":21},"end":{"line":509,"column":22}},"loc":{"start":{"line":509,"column":27},"end":{"line":512,"column":3}},"line":509}},"branchMap":{"0":{"loc":{"start":{"line":44,"column":0},"end":{"line":44,"column":66}},"type":"if","locations":[{"start":{"line":44,"column":0},"end":{"line":44,"column":66}},{"start":{"line":44,"column":0},"end":{"line":44,"column":66}}],"line":44},"1":{"loc":{"start":{"line":44,"column":4},"end":{"line":44,"column":33}},"type":"binary-expr","locations":[{"start":{"line":44,"column":4},"end":{"line":44,"column":12}},{"start":{"line":44,"column":16},"end":{"line":44,"column":33}}],"line":44},"2":{"loc":{"start":{"line":50,"column":2},"end":{"line":54,"column":3}},"type":"if","locations":[{"start":{"line":50,"column":2},"end":{"line":54,"column":3}},{"start":{"line":50,"column":2},"end":{"line":54,"column":3}}],"line":50},"3":{"loc":{"start":{"line":83,"column":4},"end":{"line":94,"column":5}},"type":"switch","locations":[{"start":{"line":84,"column":6},"end":{"line":86,"column":13}},{"start":{"line":88,"column":6},"end":{"line":90,"column":13}},{"start":{"line":91,"column":6},"end":{"line":93,"column":13}}],"line":83},"4":{"loc":{"start":{"line":100,"column":2},"end":{"line":111,"column":3}},"type":"if","locations":[{"start":{"line":100,"column":2},"end":{"line":111,"column":3}},{"start":{"line":100,"column":2},"end":{"line":111,"column":3}}],"line":100},"5":{"loc":{"start":{"line":103,"column":9},"end":{"line":111,"column":3}},"type":"if","locations":[{"start":{"line":103,"column":9},"end":{"line":111,"column":3}},{"start":{"line":103,"column":9},"end":{"line":111,"column":3}}],"line":103},"6":{"loc":{"start":{"line":106,"column":9},"end":{"line":111,"column":3}},"type":"if","locations":[{"start":{"line":106,"column":9},"end":{"line":111,"column":3}},{"start":{"line":106,"column":9},"end":{"line":111,"column":3}}],"line":106},"7":{"loc":{"start":{"line":139,"column":8},"end":{"line":139,"column":78}},"type":"binary-expr","locations":[{"start":{"line":139,"column":8},"end":{"line":139,"column":35}},{"start":{"line":139,"column":39},"end":{"line":139,"column":78}}],"line":139},"8":{"loc":{"start":{"line":142,"column":6},"end":{"line":144,"column":36}},"type":"cond-expr","locations":[{"start":{"line":143,"column":10},"end":{"line":143,"column":36}},{"start":{"line":144,"column":10},"end":{"line":144,"column":36}}],"line":142},"9":{"loc":{"start":{"line":166,"column":2},"end":{"line":171,"column":3}},"type":"if","locations":[{"start":{"line":166,"column":2},"end":{"line":171,"column":3}},{"start":{"line":166,"column":2},"end":{"line":171,"column":3}}],"line":166},"10":{"loc":{"start":{"line":166,"column":6},"end":{"line":166,"column":62}},"type":"binary-expr","locations":[{"start":{"line":166,"column":6},"end":{"line":166,"column":21}},{"start":{"line":166,"column":25},"end":{"line":166,"column":62}}],"line":166},"11":{"loc":{"start":{"line":178,"column":2},"end":{"line":189,"column":3}},"type":"if","locations":[{"start":{"line":178,"column":2},"end":{"line":189,"column":3}},{"start":{"line":178,"column":2},"end":{"line":189,"column":3}}],"line":178},"12":{"loc":{"start":{"line":179,"column":4},"end":{"line":180,"column":24}},"type":"binary-expr","locations":[{"start":{"line":179,"column":4},"end":{"line":179,"column":52}},{"start":{"line":180,"column":4},"end":{"line":180,"column":24}}],"line":179},"13":{"loc":{"start":{"line":195,"column":4},"end":{"line":199,"column":5}},"type":"if","locations":[{"start":{"line":195,"column":4},"end":{"line":199,"column":5}},{"start":{"line":195,"column":4},"end":{"line":199,"column":5}}],"line":195},"14":{"loc":{"start":{"line":210,"column":4},"end":{"line":212,"column":5}},"type":"if","locations":[{"start":{"line":210,"column":4},"end":{"line":212,"column":5}},{"start":{"line":210,"column":4},"end":{"line":212,"column":5}}],"line":210},"15":{"loc":{"start":{"line":217,"column":4},"end":{"line":219,"column":5}},"type":"if","locations":[{"start":{"line":217,"column":4},"end":{"line":219,"column":5}},{"start":{"line":217,"column":4},"end":{"line":219,"column":5}}],"line":217},"16":{"loc":{"start":{"line":221,"column":4},"end":{"line":223,"column":5}},"type":"if","locations":[{"start":{"line":221,"column":4},"end":{"line":223,"column":5}},{"start":{"line":221,"column":4},"end":{"line":223,"column":5}}],"line":221},"17":{"loc":{"start":{"line":225,"column":4},"end":{"line":238,"column":5}},"type":"if","locations":[{"start":{"line":225,"column":4},"end":{"line":238,"column":5}},{"start":{"line":225,"column":4},"end":{"line":238,"column":5}}],"line":225},"18":{"loc":{"start":{"line":227,"column":6},"end":{"line":229,"column":7}},"type":"if","locations":[{"start":{"line":227,"column":6},"end":{"line":229,"column":7}},{"start":{"line":227,"column":6},"end":{"line":229,"column":7}}],"line":227},"19":{"loc":{"start":{"line":230,"column":11},"end":{"line":238,"column":5}},"type":"if","locations":[{"start":{"line":230,"column":11},"end":{"line":238,"column":5}},{"start":{"line":230,"column":11},"end":{"line":238,"column":5}}],"line":230},"20":{"loc":{"start":{"line":232,"column":6},"end":{"line":237,"column":7}},"type":"if","locations":[{"start":{"line":232,"column":6},"end":{"line":237,"column":7}},{"start":{"line":232,"column":6},"end":{"line":237,"column":7}}],"line":232},"21":{"loc":{"start":{"line":258,"column":2},"end":{"line":259,"column":73}},"type":"if","locations":[{"start":{"line":258,"column":2},"end":{"line":259,"column":73}},{"start":{"line":258,"column":2},"end":{"line":259,"column":73}}],"line":258},"22":{"loc":{"start":{"line":265,"column":2},"end":{"line":278,"column":3}},"type":"if","locations":[{"start":{"line":265,"column":2},"end":{"line":278,"column":3}},{"start":{"line":265,"column":2},"end":{"line":278,"column":3}}],"line":265},"23":{"loc":{"start":{"line":290,"column":2},"end":{"line":305,"column":3}},"type":"if","locations":[{"start":{"line":290,"column":2},"end":{"line":305,"column":3}},{"start":{"line":290,"column":2},"end":{"line":305,"column":3}}],"line":290},"24":{"loc":{"start":{"line":294,"column":4},"end":{"line":296,"column":5}},"type":"if","locations":[{"start":{"line":294,"column":4},"end":{"line":296,"column":5}},{"start":{"line":294,"column":4},"end":{"line":296,"column":5}}],"line":294},"25":{"loc":{"start":{"line":297,"column":9},"end":{"line":305,"column":3}},"type":"if","locations":[{"start":{"line":297,"column":9},"end":{"line":305,"column":3}},{"start":{"line":297,"column":9},"end":{"line":305,"column":3}}],"line":297},"26":{"loc":{"start":{"line":300,"column":4},"end":{"line":304,"column":5}},"type":"if","locations":[{"start":{"line":300,"column":4},"end":{"line":304,"column":5}},{"start":{"line":300,"column":4},"end":{"line":304,"column":5}}],"line":300},"27":{"loc":{"start":{"line":316,"column":2},"end":{"line":317,"column":77}},"type":"if","locations":[{"start":{"line":316,"column":2},"end":{"line":317,"column":77}},{"start":{"line":316,"column":2},"end":{"line":317,"column":77}}],"line":316},"28":{"loc":{"start":{"line":319,"column":2},"end":{"line":377,"column":3}},"type":"if","locations":[{"start":{"line":319,"column":2},"end":{"line":377,"column":3}},{"start":{"line":319,"column":2},"end":{"line":377,"column":3}}],"line":319},"29":{"loc":{"start":{"line":322,"column":4},"end":{"line":329,"column":5}},"type":"if","locations":[{"start":{"line":322,"column":4},"end":{"line":329,"column":5}},{"start":{"line":322,"column":4},"end":{"line":329,"column":5}}],"line":322},"30":{"loc":{"start":{"line":323,"column":6},"end":{"line":324,"column":50}},"type":"binary-expr","locations":[{"start":{"line":323,"column":6},"end":{"line":323,"column":38}},{"start":{"line":324,"column":6},"end":{"line":324,"column":50}}],"line":323},"31":{"loc":{"start":{"line":331,"column":4},"end":{"line":350,"column":5}},"type":"if","locations":[{"start":{"line":331,"column":4},"end":{"line":350,"column":5}},{"start":{"line":331,"column":4},"end":{"line":350,"column":5}}],"line":331},"32":{"loc":{"start":{"line":340,"column":6},"end":{"line":349,"column":7}},"type":"if","locations":[{"start":{"line":340,"column":6},"end":{"line":349,"column":7}},{"start":{"line":340,"column":6},"end":{"line":349,"column":7}}],"line":340},"33":{"loc":{"start":{"line":341,"column":8},"end":{"line":343,"column":33}},"type":"binary-expr","locations":[{"start":{"line":341,"column":8},"end":{"line":341,"column":30}},{"start":{"line":342,"column":8},"end":{"line":342,"column":32}},{"start":{"line":343,"column":8},"end":{"line":343,"column":33}}],"line":341},"34":{"loc":{"start":{"line":352,"column":4},"end":{"line":365,"column":5}},"type":"if","locations":[{"start":{"line":352,"column":4},"end":{"line":365,"column":5}},{"start":{"line":352,"column":4},"end":{"line":365,"column":5}}],"line":352},"35":{"loc":{"start":{"line":359,"column":6},"end":{"line":364,"column":7}},"type":"if","locations":[{"start":{"line":359,"column":6},"end":{"line":364,"column":7}},{"start":{"line":359,"column":6},"end":{"line":364,"column":7}}],"line":359},"36":{"loc":{"start":{"line":359,"column":10},"end":{"line":359,"column":60}},"type":"binary-expr","locations":[{"start":{"line":359,"column":10},"end":{"line":359,"column":32}},{"start":{"line":359,"column":36},"end":{"line":359,"column":60}}],"line":359},"37":{"loc":{"start":{"line":367,"column":4},"end":{"line":373,"column":5}},"type":"if","locations":[{"start":{"line":367,"column":4},"end":{"line":373,"column":5}},{"start":{"line":367,"column":4},"end":{"line":373,"column":5}}],"line":367},"38":{"loc":{"start":{"line":374,"column":4},"end":{"line":374,"column":58}},"type":"if","locations":[{"start":{"line":374,"column":4},"end":{"line":374,"column":58}},{"start":{"line":374,"column":4},"end":{"line":374,"column":58}}],"line":374},"39":{"loc":{"start":{"line":387,"column":2},"end":{"line":394,"column":3}},"type":"if","locations":[{"start":{"line":387,"column":2},"end":{"line":394,"column":3}},{"start":{"line":387,"column":2},"end":{"line":394,"column":3}}],"line":387},"40":{"loc":{"start":{"line":398,"column":2},"end":{"line":398,"column":68}},"type":"if","locations":[{"start":{"line":398,"column":2},"end":{"line":398,"column":68}},{"start":{"line":398,"column":2},"end":{"line":398,"column":68}}],"line":398},"41":{"loc":{"start":{"line":424,"column":2},"end":{"line":424,"column":41}},"type":"if","locations":[{"start":{"line":424,"column":2},"end":{"line":424,"column":41}},{"start":{"line":424,"column":2},"end":{"line":424,"column":41}}],"line":424},"42":{"loc":{"start":{"line":429,"column":2},"end":{"line":429,"column":41}},"type":"if","locations":[{"start":{"line":429,"column":2},"end":{"line":429,"column":41}},{"start":{"line":429,"column":2},"end":{"line":429,"column":41}}],"line":429},"43":{"loc":{"start":{"line":457,"column":6},"end":{"line":460,"column":53}},"type":"binary-expr","locations":[{"start":{"line":457,"column":7},"end":{"line":457,"column":14}},{"start":{"line":457,"column":18},"end":{"line":457,"column":56}},{"start":{"line":458,"column":7},"end":{"line":458,"column":14}},{"start":{"line":458,"column":18},"end":{"line":458,"column":62}},{"start":{"line":459,"column":7},"end":{"line":459,"column":14}},{"start":{"line":459,"column":18},"end":{"line":459,"column":56}},{"start":{"line":460,"column":7},"end":{"line":460,"column":14}},{"start":{"line":460,"column":18},"end":{"line":460,"column":52}}],"line":457},"44":{"loc":{"start":{"line":462,"column":4},"end":{"line":470,"column":5}},"type":"if","locations":[{"start":{"line":462,"column":4},"end":{"line":470,"column":5}},{"start":{"line":462,"column":4},"end":{"line":470,"column":5}}],"line":462},"45":{"loc":{"start":{"line":472,"column":4},"end":{"line":476,"column":5}},"type":"if","locations":[{"start":{"line":472,"column":4},"end":{"line":476,"column":5}},{"start":{"line":472,"column":4},"end":{"line":476,"column":5}}],"line":472},"46":{"loc":{"start":{"line":478,"column":4},"end":{"line":490,"column":5}},"type":"if","locations":[{"start":{"line":478,"column":4},"end":{"line":490,"column":5}},{"start":{"line":478,"column":4},"end":{"line":490,"column":5}}],"line":478},"47":{"loc":{"start":{"line":481,"column":6},"end":{"line":487,"column":7}},"type":"if","locations":[{"start":{"line":481,"column":6},"end":{"line":487,"column":7}},{"start":{"line":481,"column":6},"end":{"line":487,"column":7}}],"line":481},"48":{"loc":{"start":{"line":520,"column":2},"end":{"line":520,"column":55}},"type":"if","locations":[{"start":{"line":520,"column":2},"end":{"line":520,"column":55}},{"start":{"line":520,"column":2},"end":{"line":520,"column":55}}],"line":520}},"s":{"0":1,"1":1,"2":1,"3":1,"4":1,"5":1,"6":0,"7":0,"8":0,"9":1,"10":0,"11":0,"12":1,"13":1,"14":1,"15":1,"16":1,"17":0,"18":13,"19":28,"20":13,"21":1,"22":12,"23":13,"24":1,"25":1,"26":2,"27":2,"28":1,"29":4,"30":4,"31":4,"32":14,"33":14,"34":14,"35":0,"36":0,"37":0,"38":0,"39":4,"40":4,"41":1,"42":4,"43":4,"44":4,"45":0,"46":0,"47":0,"48":0,"49":0,"50":0,"51":0,"52":2,"53":2,"54":2,"55":6,"56":2,"57":2,"58":1,"59":1,"60":1,"61":1,"62":6,"63":4,"64":1,"65":1,"66":1,"67":1,"68":1,"69":3,"70":3,"71":3,"72":3,"73":3,"74":3,"75":2,"76":2,"77":2,"78":1,"79":4,"80":4,"81":4,"82":3,"83":3,"84":3,"85":3,"86":3,"87":1,"88":6,"89":2,"90":4,"91":6,"92":1,"93":6,"94":1,"95":1,"96":2,"97":4,"98":2,"99":1,"100":2,"101":2,"102":2,"103":2,"104":2,"105":2,"106":2,"107":2,"108":2,"109":1,"110":1,"111":1,"112":1,"113":0,"114":0,"115":0,"116":0,"117":0,"118":1,"119":1,"120":2,"121":4,"122":2,"123":4,"124":2,"125":3,"126":14,"127":3,"128":0,"129":3,"130":3,"131":3,"132":3,"133":3,"134":3,"135":3,"136":3,"137":0,"138":0,"139":3,"140":1,"141":1,"142":2,"143":1,"144":1,"145":1,"146":1,"147":1,"148":1,"149":0,"150":0,"151":0,"152":0,"153":0,"154":0,"155":1,"156":1,"157":6,"158":1,"159":3,"160":1,"161":0,"162":1,"163":1,"164":1,"165":1,"166":1,"167":1,"168":1,"169":0,"170":0,"171":0,"172":0,"173":0,"174":0,"175":0,"176":0,"177":1,"178":0,"179":0,"180":0,"181":0,"182":0,"183":0,"184":0,"185":0,"186":1,"187":1,"188":3,"189":1,"190":1,"191":1,"192":0,"193":0,"194":1,"195":1,"196":2,"197":1,"198":2,"199":2,"200":1,"201":1,"202":1,"203":2,"204":1,"205":1,"206":0,"207":0,"208":0,"209":0,"210":0,"211":0,"212":0,"213":0,"214":0,"215":0,"216":0,"217":0,"218":0,"219":0,"220":0,"221":0,"222":0,"223":0,"224":0,"225":0,"226":0,"227":0,"228":0,"229":0,"230":0,"231":0,"232":0,"233":0,"234":0,"235":0,"236":0,"237":0,"238":0,"239":0,"240":0,"241":0,"242":0,"243":0,"244":0,"245":0,"246":0,"247":0,"248":0,"249":0,"250":0,"251":0,"252":0,"253":0,"254":0,"255":0,"256":0,"257":0,"258":0,"259":0,"260":0,"261":0,"262":0,"263":0,"264":0,"265":0,"266":0,"267":0,"268":0,"269":0,"270":0,"271":0,"272":0,"273":0,"274":1},"f":{"0":0,"1":0,"2":0,"3":13,"4":28,"5":1,"6":2,"7":4,"8":4,"9":2,"10":1,"11":6,"12":4,"13":3,"14":4,"15":1,"16":6,"17":6,"18":2,"19":4,"20":1,"21":2,"22":4,"23":4,"24":3,"25":14,"26":3,"27":1,"28":2,"29":1,"30":6,"31":3,"32":3,"33":2,"34":1,"35":2,"36":0,"37":0,"38":0,"39":0,"40":0,"41":0,"42":0,"43":0,"44":0},"b":{"0":[0,1],"1":[1,0],"2":[1,12],"3":[14,0,0],"4":[4,0],"5":[0,0],"6":[0,0],"7":[6,2],"8":[4,0],"9":[2,1],"10":[3,2],"11":[3,1],"12":[4,4],"13":[2,4],"14":[2,0],"15":[2,0],"16":[2,0],"17":[1,1],"18":[1,0],"19":[0,1],"20":[0,0],"21":[0,3],"22":[3,0],"23":[1,0],"24":[0,1],"25":[0,0],"26":[0,0],"27":[0,1],"28":[1,0],"29":[1,0],"30":[1,1],"31":[0,1],"32":[0,0],"33":[0,0,0],"34":[0,1],"35":[0,0],"36":[0,0],"37":[1,0],"38":[0,1],"39":[1,1],"40":[0,0],"41":[0,0],"42":[0,0],"43":[0,0,0,0,0,0,0,0],"44":[0,0],"45":[0,0],"46":[0,0],"47":[0,0],"48":[0,0]},"_coverageSchema":"1a1c01bbd47fc00a2c39e90264f33305004495a9","hash":"ce4c21b1f6768792df0096a0b0cae4e7b61b6600"}
,"/Users/richardperdomo/Desktop/Separate-projects/Itacademy/Sprint3/starter-code-sprint3/js/products.js": {"path":"/Users/richardperdomo/Desktop/Separate-projects/Itacademy/Sprint3/starter-code-sprint3/js/products.js","statementMap":{"0":{"start":{"line":1,"column":24},"end":{"line":47,"column":1}}},"fnMap":{},"branchMap":{},"s":{"0":1},"f":{},"b":{},"_coverageSchema":"1a1c01bbd47fc00a2c39e90264f33305004495a9","hash":"4b2498470ff1e06d9d05e482c9e45e78ce5f13fa"}
}
