{"/Users/richardperdomo/Desktop/Separate-projects/Itacademy/Sprint3/starter-code-sprint3/js/grocery.js": {"path":"/Users/richardperdomo/Desktop/Separate-projects/Itacademy/Sprint3/starter-code-sprint3/js/grocery.js","statementMap":{"0":{"start":{"line":3,"column":13},"end":{"line":3,"column":44}},"1":{"start":{"line":4,"column":24},"end":{"line":4,"column":65}},"2":{"start":{"line":5,"column":14},"end":{"line":5,"column":50}},"3":{"start":{"line":6,"column":18},"end":{"line":6,"column":55}},"4":{"start":{"line":8,"column":17},"end":{"line":8,"column":52}},"5":{"start":{"line":10,"column":17},"end":{"line":10,"column":54}},"6":{"start":{"line":17,"column":2},"end":{"line":17,"column":32}},"7":{"start":{"line":18,"column":2},"end":{"line":20,"column":8}},"8":{"start":{"line":19,"column":4},"end":{"line":19,"column":37}},"9":{"start":{"line":23,"column":0},"end":{"line":27,"column":2}},"10":{"start":{"line":24,"column":2},"end":{"line":24,"column":47}},"11":{"start":{"line":26,"column":2},"end":{"line":26,"column":44}},"12":{"start":{"line":29,"column":15},"end":{"line":29,"column":17}},"13":{"start":{"line":30,"column":11},"end":{"line":30,"column":13}},"14":{"start":{"line":31,"column":17},"end":{"line":44,"column":1}},"15":{"start":{"line":46,"column":12},"end":{"line":46,"column":13}},"16":{"start":{"line":52,"column":25},"end":{"line":52,"column":74}},"17":{"start":{"line":52,"column":52},"end":{"line":52,"column":73}},"18":{"start":{"line":54,"column":2},"end":{"line":58,"column":3}},"19":{"start":{"line":55,"column":4},"end":{"line":55,"column":45}},"20":{"start":{"line":57,"column":4},"end":{"line":57,"column":33}},"21":{"start":{"line":60,"column":2},"end":{"line":60,"column":17}},"22":{"start":{"line":65,"column":2},"end":{"line":65,"column":21}},"23":{"start":{"line":66,"column":2},"end":{"line":66,"column":17}},"24":{"start":{"line":71,"column":20},"end":{"line":75,"column":1}},"25":{"start":{"line":77,"column":21},"end":{"line":81,"column":3}},"26":{"start":{"line":82,"column":2},"end":{"line":95,"column":3}},"27":{"start":{"line":82,"column":15},"end":{"line":82,"column":16}},"28":{"start":{"line":83,"column":4},"end":{"line":94,"column":5}},"29":{"start":{"line":85,"column":8},"end":{"line":85,"column":47}},"30":{"start":{"line":86,"column":8},"end":{"line":86,"column":13}},"31":{"start":{"line":89,"column":8},"end":{"line":89,"column":46}},"32":{"start":{"line":90,"column":8},"end":{"line":90,"column":13}},"33":{"start":{"line":92,"column":8},"end":{"line":92,"column":47}},"34":{"start":{"line":93,"column":8},"end":{"line":93,"column":13}},"35":{"start":{"line":96,"column":2},"end":{"line":96,"column":79}},"36":{"start":{"line":97,"column":2},"end":{"line":97,"column":23}},"37":{"start":{"line":99,"column":27},"end":{"line":112,"column":1}},"38":{"start":{"line":100,"column":2},"end":{"line":111,"column":3}},"39":{"start":{"line":101,"column":4},"end":{"line":101,"column":59}},"40":{"start":{"line":102,"column":4},"end":{"line":102,"column":33}},"41":{"start":{"line":103,"column":9},"end":{"line":111,"column":3}},"42":{"start":{"line":104,"column":4},"end":{"line":104,"column":56}},"43":{"start":{"line":105,"column":4},"end":{"line":105,"column":31}},"44":{"start":{"line":106,"column":9},"end":{"line":111,"column":3}},"45":{"start":{"line":107,"column":4},"end":{"line":107,"column":59}},"46":{"start":{"line":108,"column":4},"end":{"line":108,"column":33}},"47":{"start":{"line":110,"column":4},"end":{"line":110,"column":10}},"48":{"start":{"line":116,"column":2},"end":{"line":116,"column":22}},"49":{"start":{"line":118,"column":12},"end":{"line":118,"column":13}},"50":{"start":{"line":119,"column":2},"end":{"line":121,"column":3}},"51":{"start":{"line":120,"column":4},"end":{"line":120,"column":57}},"52":{"start":{"line":122,"column":2},"end":{"line":122,"column":13}},"53":{"start":{"line":127,"column":28},"end":{"line":127,"column":29}},"54":{"start":{"line":128,"column":26},"end":{"line":128,"column":27}},"55":{"start":{"line":130,"column":24},"end":{"line":133,"column":3}},"56":{"start":{"line":135,"column":2},"end":{"line":144,"column":5}},"57":{"start":{"line":138,"column":8},"end":{"line":138,"column":78}},"58":{"start":{"line":141,"column":6},"end":{"line":143,"column":36}},"59":{"start":{"line":146,"column":2},"end":{"line":146,"column":28}},"60":{"start":{"line":148,"column":2},"end":{"line":148,"column":46}},"61":{"start":{"line":149,"column":2},"end":{"line":149,"column":42}},"62":{"start":{"line":151,"column":2},"end":{"line":151,"column":18}},"63":{"start":{"line":154,"column":27},"end":{"line":171,"column":1}},"64":{"start":{"line":155,"column":34},"end":{"line":155,"column":64}},"65":{"start":{"line":157,"column":24},"end":{"line":157,"column":56}},"66":{"start":{"line":159,"column":2},"end":{"line":159,"column":55}},"67":{"start":{"line":161,"column":22},"end":{"line":161,"column":76}},"68":{"start":{"line":163,"column":2},"end":{"line":163,"column":28}},"69":{"start":{"line":165,"column":2},"end":{"line":170,"column":3}},"70":{"start":{"line":166,"column":4},"end":{"line":166,"column":68}},"71":{"start":{"line":167,"column":4},"end":{"line":167,"column":39}},"72":{"start":{"line":169,"column":4},"end":{"line":169,"column":24}},"73":{"start":{"line":173,"column":23},"end":{"line":189,"column":1}},"74":{"start":{"line":174,"column":33},"end":{"line":174,"column":47}},"75":{"start":{"line":175,"column":30},"end":{"line":175,"column":56}},"76":{"start":{"line":177,"column":2},"end":{"line":188,"column":3}},"77":{"start":{"line":181,"column":4},"end":{"line":181,"column":79}},"78":{"start":{"line":182,"column":4},"end":{"line":182,"column":50}},"79":{"start":{"line":184,"column":4},"end":{"line":184,"column":54}},"80":{"start":{"line":186,"column":4},"end":{"line":186,"column":38}},"81":{"start":{"line":187,"column":4},"end":{"line":187,"column":32}},"82":{"start":{"line":193,"column":18},"end":{"line":200,"column":3}},"83":{"start":{"line":194,"column":4},"end":{"line":198,"column":5}},"84":{"start":{"line":195,"column":6},"end":{"line":195,"column":18}},"85":{"start":{"line":197,"column":6},"end":{"line":197,"column":16}},"86":{"start":{"line":199,"column":4},"end":{"line":199,"column":14}},"87":{"start":{"line":202,"column":21},"end":{"line":202,"column":74}},"88":{"start":{"line":202,"column":44},"end":{"line":202,"column":53}},"89":{"start":{"line":203,"column":25},"end":{"line":203,"column":48}},"90":{"start":{"line":205,"column":2},"end":{"line":238,"column":4}},"91":{"start":{"line":206,"column":22},"end":{"line":206,"column":64}},"92":{"start":{"line":206,"column":46},"end":{"line":206,"column":63}},"93":{"start":{"line":207,"column":22},"end":{"line":207,"column":71}},"94":{"start":{"line":207,"column":42},"end":{"line":207,"column":70}},"95":{"start":{"line":209,"column":4},"end":{"line":211,"column":5}},"96":{"start":{"line":210,"column":6},"end":{"line":210,"column":26}},"97":{"start":{"line":213,"column":4},"end":{"line":213,"column":40}},"98":{"start":{"line":214,"column":4},"end":{"line":214,"column":58}},"99":{"start":{"line":216,"column":4},"end":{"line":218,"column":5}},"100":{"start":{"line":217,"column":6},"end":{"line":217,"column":40}},"101":{"start":{"line":220,"column":4},"end":{"line":222,"column":5}},"102":{"start":{"line":221,"column":6},"end":{"line":221,"column":28}},"103":{"start":{"line":224,"column":4},"end":{"line":237,"column":5}},"104":{"start":{"line":225,"column":21},"end":{"line":225,"column":55}},"105":{"start":{"line":226,"column":6},"end":{"line":228,"column":7}},"106":{"start":{"line":227,"column":8},"end":{"line":227,"column":38}},"107":{"start":{"line":229,"column":11},"end":{"line":237,"column":5}},"108":{"start":{"line":230,"column":21},"end":{"line":230,"column":59}},"109":{"start":{"line":231,"column":6},"end":{"line":236,"column":7}},"110":{"start":{"line":232,"column":28},"end":{"line":232,"column":57}},"111":{"start":{"line":234,"column":8},"end":{"line":234,"column":34}},"112":{"start":{"line":235,"column":8},"end":{"line":235,"column":43}},"113":{"start":{"line":239,"column":2},"end":{"line":239,"column":23}},"114":{"start":{"line":240,"column":2},"end":{"line":240,"column":19}},"115":{"start":{"line":245,"column":24},"end":{"line":247,"column":3}},"116":{"start":{"line":246,"column":4},"end":{"line":246,"column":58}},"117":{"start":{"line":249,"column":2},"end":{"line":249,"column":45}},"118":{"start":{"line":249,"column":25},"end":{"line":249,"column":44}},"119":{"start":{"line":254,"column":2},"end":{"line":254,"column":62}},"120":{"start":{"line":254,"column":38},"end":{"line":254,"column":61}},"121":{"start":{"line":256,"column":2},"end":{"line":256,"column":71}},"122":{"start":{"line":258,"column":2},"end":{"line":258,"column":38}},"123":{"start":{"line":260,"column":20},"end":{"line":260,"column":69}},"124":{"start":{"line":260,"column":40},"end":{"line":260,"column":68}},"125":{"start":{"line":262,"column":2},"end":{"line":275,"column":3}},"126":{"start":{"line":263,"column":26},"end":{"line":267,"column":5}},"127":{"start":{"line":269,"column":4},"end":{"line":269,"column":50}},"128":{"start":{"line":270,"column":4},"end":{"line":270,"column":52}},"129":{"start":{"line":271,"column":4},"end":{"line":271,"column":24}},"130":{"start":{"line":273,"column":4},"end":{"line":273,"column":33}},"131":{"start":{"line":274,"column":4},"end":{"line":274,"column":25}},"132":{"start":{"line":277,"column":2},"end":{"line":277,"column":19}},"133":{"start":{"line":280,"column":27},"end":{"line":303,"column":1}},"134":{"start":{"line":281,"column":20},"end":{"line":281,"column":69}},"135":{"start":{"line":281,"column":40},"end":{"line":281,"column":68}},"136":{"start":{"line":283,"column":2},"end":{"line":283,"column":22}},"137":{"start":{"line":285,"column":2},"end":{"line":285,"column":72}},"138":{"start":{"line":287,"column":2},"end":{"line":302,"column":3}},"139":{"start":{"line":288,"column":19},"end":{"line":288,"column":53}},"140":{"start":{"line":290,"column":4},"end":{"line":290,"column":25}},"141":{"start":{"line":291,"column":4},"end":{"line":293,"column":5}},"142":{"start":{"line":292,"column":6},"end":{"line":292,"column":36}},"143":{"start":{"line":294,"column":9},"end":{"line":302,"column":3}},"144":{"start":{"line":295,"column":19},"end":{"line":295,"column":57}},"145":{"start":{"line":297,"column":4},"end":{"line":301,"column":5}},"146":{"start":{"line":298,"column":26},"end":{"line":298,"column":55}},"147":{"start":{"line":300,"column":6},"end":{"line":300,"column":41}},"148":{"start":{"line":308,"column":2},"end":{"line":308,"column":68}},"149":{"start":{"line":308,"column":41},"end":{"line":308,"column":67}},"150":{"start":{"line":310,"column":20},"end":{"line":310,"column":72}},"151":{"start":{"line":310,"column":40},"end":{"line":310,"column":71}},"152":{"start":{"line":312,"column":2},"end":{"line":312,"column":75}},"153":{"start":{"line":314,"column":2},"end":{"line":372,"column":3}},"154":{"start":{"line":315,"column":4},"end":{"line":315,"column":24}},"155":{"start":{"line":317,"column":4},"end":{"line":324,"column":5}},"156":{"start":{"line":321,"column":6},"end":{"line":321,"column":43}},"157":{"start":{"line":322,"column":6},"end":{"line":322,"column":56}},"158":{"start":{"line":323,"column":6},"end":{"line":323,"column":55}},"159":{"start":{"line":326,"column":4},"end":{"line":345,"column":5}},"160":{"start":{"line":327,"column":21},"end":{"line":327,"column":55}},"161":{"start":{"line":329,"column":6},"end":{"line":329,"column":31}},"162":{"start":{"line":331,"column":28},"end":{"line":331,"column":50}},"163":{"start":{"line":333,"column":6},"end":{"line":333,"column":43}},"164":{"start":{"line":335,"column":6},"end":{"line":344,"column":7}},"165":{"start":{"line":340,"column":8},"end":{"line":340,"column":32}},"166":{"start":{"line":341,"column":8},"end":{"line":341,"column":80}},"167":{"start":{"line":343,"column":8},"end":{"line":343,"column":80}},"168":{"start":{"line":347,"column":4},"end":{"line":360,"column":5}},"169":{"start":{"line":348,"column":6},"end":{"line":348,"column":29}},"170":{"start":{"line":349,"column":21},"end":{"line":349,"column":59}},"171":{"start":{"line":351,"column":6},"end":{"line":351,"column":63}},"172":{"start":{"line":352,"column":6},"end":{"line":352,"column":79}},"173":{"start":{"line":354,"column":6},"end":{"line":359,"column":7}},"174":{"start":{"line":355,"column":8},"end":{"line":355,"column":37}},"175":{"start":{"line":357,"column":8},"end":{"line":357,"column":30}},"176":{"start":{"line":358,"column":8},"end":{"line":358,"column":77}},"177":{"start":{"line":362,"column":4},"end":{"line":368,"column":5}},"178":{"start":{"line":363,"column":30},"end":{"line":365,"column":7}},"179":{"start":{"line":364,"column":18},"end":{"line":364,"column":46}},"180":{"start":{"line":366,"column":6},"end":{"line":366,"column":35}},"181":{"start":{"line":367,"column":6},"end":{"line":367,"column":28}},"182":{"start":{"line":369,"column":4},"end":{"line":369,"column":58}},"183":{"start":{"line":369,"column":27},"end":{"line":369,"column":58}},"184":{"start":{"line":371,"column":4},"end":{"line":371,"column":60}},"185":{"start":{"line":375,"column":33},"end":{"line":386,"column":1}},"186":{"start":{"line":376,"column":18},"end":{"line":376,"column":55}},"187":{"start":{"line":376,"column":39},"end":{"line":376,"column":55}},"188":{"start":{"line":378,"column":19},"end":{"line":378,"column":51}},"189":{"start":{"line":380,"column":2},"end":{"line":385,"column":3}},"190":{"start":{"line":381,"column":4},"end":{"line":381,"column":43}},"191":{"start":{"line":383,"column":18},"end":{"line":383,"column":79}},"192":{"start":{"line":383,"column":37},"end":{"line":383,"column":62}},"193":{"start":{"line":384,"column":4},"end":{"line":384,"column":47}},"194":{"start":{"line":389,"column":2},"end":{"line":389,"column":68}},"195":{"start":{"line":389,"column":41},"end":{"line":389,"column":68}},"196":{"start":{"line":391,"column":17},"end":{"line":391,"column":25}},"197":{"start":{"line":393,"column":2},"end":{"line":393,"column":31}},"198":{"start":{"line":395,"column":2},"end":{"line":397,"column":9}},"199":{"start":{"line":396,"column":4},"end":{"line":396,"column":36}},"200":{"start":{"line":399,"column":20},"end":{"line":399,"column":77}},"201":{"start":{"line":401,"column":2},"end":{"line":401,"column":22}},"202":{"start":{"line":402,"column":2},"end":{"line":402,"column":14}},"203":{"start":{"line":404,"column":22},"end":{"line":404,"column":66}},"204":{"start":{"line":404,"column":42},"end":{"line":404,"column":65}},"205":{"start":{"line":406,"column":2},"end":{"line":406,"column":24}},"206":{"start":{"line":412,"column":23},"end":{"line":414,"column":3}},"207":{"start":{"line":415,"column":2},"end":{"line":415,"column":41}},"208":{"start":{"line":415,"column":13},"end":{"line":415,"column":41}},"209":{"start":{"line":416,"column":23},"end":{"line":416,"column":54}},"210":{"start":{"line":417,"column":22},"end":{"line":417,"column":54}},"211":{"start":{"line":418,"column":21},"end":{"line":418,"column":53}},"212":{"start":{"line":420,"column":2},"end":{"line":420,"column":41}},"213":{"start":{"line":420,"column":20},"end":{"line":420,"column":41}},"214":{"start":{"line":422,"column":19},"end":{"line":422,"column":47}},"215":{"start":{"line":423,"column":21},"end":{"line":429,"column":3}},"216":{"start":{"line":431,"column":2},"end":{"line":431,"column":41}},"217":{"start":{"line":433,"column":2},"end":{"line":482,"column":3}},"218":{"start":{"line":433,"column":15},"end":{"line":433,"column":16}},"219":{"start":{"line":434,"column":26},"end":{"line":434,"column":67}},"220":{"start":{"line":436,"column":28},"end":{"line":443,"column":5}},"221":{"start":{"line":445,"column":16},"end":{"line":445,"column":45}},"222":{"start":{"line":448,"column":6},"end":{"line":451,"column":53}},"223":{"start":{"line":453,"column":4},"end":{"line":461,"column":5}},"224":{"start":{"line":454,"column":6},"end":{"line":454,"column":43}},"225":{"start":{"line":456,"column":6},"end":{"line":456,"column":47}},"226":{"start":{"line":457,"column":25},"end":{"line":457,"column":53}},"227":{"start":{"line":458,"column":6},"end":{"line":458,"column":41}},"228":{"start":{"line":460,"column":6},"end":{"line":460,"column":34}},"229":{"start":{"line":463,"column":4},"end":{"line":467,"column":5}},"230":{"start":{"line":464,"column":6},"end":{"line":464,"column":32}},"231":{"start":{"line":466,"column":6},"end":{"line":466,"column":45}},"232":{"start":{"line":469,"column":4},"end":{"line":481,"column":5}},"233":{"start":{"line":470,"column":6},"end":{"line":470,"column":34}},"234":{"start":{"line":472,"column":6},"end":{"line":478,"column":7}},"235":{"start":{"line":473,"column":8},"end":{"line":473,"column":47}},"236":{"start":{"line":474,"column":27},"end":{"line":474,"column":55}},"237":{"start":{"line":475,"column":8},"end":{"line":475,"column":42}},"238":{"start":{"line":477,"column":8},"end":{"line":477,"column":35}},"239":{"start":{"line":480,"column":6},"end":{"line":480,"column":31}},"240":{"start":{"line":484,"column":2},"end":{"line":484,"column":51}},"241":{"start":{"line":486,"column":2},"end":{"line":491,"column":4}},"242":{"start":{"line":487,"column":4},"end":{"line":487,"column":29}},"243":{"start":{"line":488,"column":24},"end":{"line":488,"column":72}},"244":{"start":{"line":488,"column":46},"end":{"line":488,"column":71}},"245":{"start":{"line":489,"column":4},"end":{"line":489,"column":26}},"246":{"start":{"line":490,"column":4},"end":{"line":490,"column":30}},"247":{"start":{"line":492,"column":2},"end":{"line":497,"column":4}},"248":{"start":{"line":493,"column":4},"end":{"line":493,"column":24}},"249":{"start":{"line":494,"column":24},"end":{"line":494,"column":72}},"250":{"start":{"line":494,"column":46},"end":{"line":494,"column":71}},"251":{"start":{"line":495,"column":4},"end":{"line":495,"column":26}},"252":{"start":{"line":496,"column":4},"end":{"line":496,"column":30}},"253":{"start":{"line":499,"column":2},"end":{"line":499,"column":45}},"254":{"start":{"line":500,"column":2},"end":{"line":503,"column":10}},"255":{"start":{"line":501,"column":4},"end":{"line":501,"column":30}},"256":{"start":{"line":502,"column":4},"end":{"line":502,"column":47}},"257":{"start":{"line":505,"column":2},"end":{"line":505,"column":28}},"258":{"start":{"line":507,"column":20},"end":{"line":507,"column":74}},"259":{"start":{"line":509,"column":2},"end":{"line":509,"column":28}},"260":{"start":{"line":511,"column":2},"end":{"line":511,"column":55}},"261":{"start":{"line":511,"column":17},"end":{"line":511,"column":55}},"262":{"start":{"line":514,"column":0},"end":{"line":514,"column":45}}},"fnMap":{"0":{"name":"changeIcon","decl":{"start":{"line":16,"column":9},"end":{"line":16,"column":19}},"loc":{"start":{"line":16,"column":22},"end":{"line":21,"column":1}},"line":16},"1":{"name":"(anonymous_1)","decl":{"start":{"line":18,"column":13},"end":{"line":18,"column":14}},"loc":{"start":{"line":18,"column":19},"end":{"line":20,"column":3}},"line":18},"2":{"name":"(anonymous_2)","decl":{"start":{"line":23,"column":24},"end":{"line":23,"column":25}},"loc":{"start":{"line":23,"column":37},"end":{"line":27,"column":1}},"line":23},"3":{"name":"addToCartList","decl":{"start":{"line":51,"column":9},"end":{"line":51,"column":22}},"loc":{"start":{"line":51,"column":29},"end":{"line":61,"column":1}},"line":51},"4":{"name":"(anonymous_4)","decl":{"start":{"line":52,"column":39},"end":{"line":52,"column":40}},"loc":{"start":{"line":52,"column":52},"end":{"line":52,"column":73}},"line":52},"5":{"name":"cleanCart","decl":{"start":{"line":64,"column":9},"end":{"line":64,"column":18}},"loc":{"start":{"line":64,"column":21},"end":{"line":67,"column":1}},"line":64},"6":{"name":"calculateSubtotals","decl":{"start":{"line":76,"column":9},"end":{"line":76,"column":27}},"loc":{"start":{"line":76,"column":30},"end":{"line":98,"column":1}},"line":76},"7":{"name":"(anonymous_7)","decl":{"start":{"line":99,"column":27},"end":{"line":99,"column":28}},"loc":{"start":{"line":99,"column":57},"end":{"line":112,"column":1}},"line":99},"8":{"name":"calculateTotal","decl":{"start":{"line":115,"column":9},"end":{"line":115,"column":23}},"loc":{"start":{"line":115,"column":26},"end":{"line":123,"column":1}},"line":115},"9":{"name":"applyPromotionsSubtotals","decl":{"start":{"line":129,"column":9},"end":{"line":129,"column":33}},"loc":{"start":{"line":129,"column":36},"end":{"line":152,"column":1}},"line":129},"10":{"name":"(anonymous_10)","decl":{"start":{"line":137,"column":6},"end":{"line":137,"column":7}},"loc":{"start":{"line":138,"column":8},"end":{"line":138,"column":78}},"line":138},"11":{"name":"(anonymous_11)","decl":{"start":{"line":140,"column":9},"end":{"line":140,"column":10}},"loc":{"start":{"line":141,"column":6},"end":{"line":143,"column":36}},"line":141},"12":{"name":"(anonymous_12)","decl":{"start":{"line":154,"column":27},"end":{"line":154,"column":28}},"loc":{"start":{"line":154,"column":43},"end":{"line":171,"column":1}},"line":154},"13":{"name":"(anonymous_13)","decl":{"start":{"line":173,"column":23},"end":{"line":173,"column":24}},"loc":{"start":{"line":173,"column":39},"end":{"line":189,"column":1}},"line":173},"14":{"name":"generateCart","decl":{"start":{"line":192,"column":9},"end":{"line":192,"column":21}},"loc":{"start":{"line":192,"column":24},"end":{"line":241,"column":1}},"line":192},"15":{"name":"(anonymous_15)","decl":{"start":{"line":193,"column":18},"end":{"line":193,"column":19}},"loc":{"start":{"line":193,"column":32},"end":{"line":200,"column":3}},"line":193},"16":{"name":"(anonymous_16)","decl":{"start":{"line":202,"column":34},"end":{"line":202,"column":35}},"loc":{"start":{"line":202,"column":44},"end":{"line":202,"column":53}},"line":202},"17":{"name":"(anonymous_17)","decl":{"start":{"line":205,"column":21},"end":{"line":205,"column":22}},"loc":{"start":{"line":205,"column":30},"end":{"line":238,"column":3}},"line":205},"18":{"name":"(anonymous_18)","decl":{"start":{"line":206,"column":36},"end":{"line":206,"column":37}},"loc":{"start":{"line":206,"column":46},"end":{"line":206,"column":63}},"line":206},"19":{"name":"(anonymous_19)","decl":{"start":{"line":207,"column":32},"end":{"line":207,"column":33}},"loc":{"start":{"line":207,"column":42},"end":{"line":207,"column":70}},"line":207},"20":{"name":"applyPromotionsCart","decl":{"start":{"line":244,"column":9},"end":{"line":244,"column":28}},"loc":{"start":{"line":244,"column":31},"end":{"line":250,"column":1}},"line":244},"21":{"name":"(anonymous_21)","decl":{"start":{"line":245,"column":24},"end":{"line":245,"column":25}},"loc":{"start":{"line":245,"column":33},"end":{"line":247,"column":3}},"line":245},"22":{"name":"(anonymous_22)","decl":{"start":{"line":249,"column":15},"end":{"line":249,"column":16}},"loc":{"start":{"line":249,"column":25},"end":{"line":249,"column":44}},"line":249},"23":{"name":"addToCart","decl":{"start":{"line":253,"column":9},"end":{"line":253,"column":18}},"loc":{"start":{"line":253,"column":30},"end":{"line":278,"column":1}},"line":253},"24":{"name":"(anonymous_24)","decl":{"start":{"line":254,"column":28},"end":{"line":254,"column":29}},"loc":{"start":{"line":254,"column":38},"end":{"line":254,"column":61}},"line":254},"25":{"name":"(anonymous_25)","decl":{"start":{"line":260,"column":30},"end":{"line":260,"column":31}},"loc":{"start":{"line":260,"column":40},"end":{"line":260,"column":68}},"line":260},"26":{"name":"(anonymous_26)","decl":{"start":{"line":280,"column":27},"end":{"line":280,"column":28}},"loc":{"start":{"line":280,"column":42},"end":{"line":303,"column":1}},"line":280},"27":{"name":"(anonymous_27)","decl":{"start":{"line":281,"column":30},"end":{"line":281,"column":31}},"loc":{"start":{"line":281,"column":40},"end":{"line":281,"column":68}},"line":281},"28":{"name":"removeFromCart","decl":{"start":{"line":307,"column":9},"end":{"line":307,"column":23}},"loc":{"start":{"line":307,"column":38},"end":{"line":373,"column":1}},"line":307},"29":{"name":"(anonymous_29)","decl":{"start":{"line":308,"column":31},"end":{"line":308,"column":32}},"loc":{"start":{"line":308,"column":41},"end":{"line":308,"column":67}},"line":308},"30":{"name":"(anonymous_30)","decl":{"start":{"line":310,"column":30},"end":{"line":310,"column":31}},"loc":{"start":{"line":310,"column":40},"end":{"line":310,"column":71}},"line":310},"31":{"name":"(anonymous_31)","decl":{"start":{"line":364,"column":8},"end":{"line":364,"column":9}},"loc":{"start":{"line":364,"column":18},"end":{"line":364,"column":46}},"line":364},"32":{"name":"(anonymous_32)","decl":{"start":{"line":375,"column":33},"end":{"line":375,"column":34}},"loc":{"start":{"line":375,"column":39},"end":{"line":386,"column":1}},"line":375},"33":{"name":"(anonymous_33)","decl":{"start":{"line":376,"column":18},"end":{"line":376,"column":19}},"loc":{"start":{"line":376,"column":39},"end":{"line":376,"column":55}},"line":376},"34":{"name":"(anonymous_34)","decl":{"start":{"line":383,"column":27},"end":{"line":383,"column":28}},"loc":{"start":{"line":383,"column":37},"end":{"line":383,"column":62}},"line":383},"35":{"name":"selectItem","decl":{"start":{"line":388,"column":9},"end":{"line":388,"column":19}},"loc":{"start":{"line":388,"column":23},"end":{"line":407,"column":1}},"line":388},"36":{"name":"(anonymous_36)","decl":{"start":{"line":395,"column":13},"end":{"line":395,"column":14}},"loc":{"start":{"line":395,"column":19},"end":{"line":397,"column":3}},"line":395},"37":{"name":"(anonymous_37)","decl":{"start":{"line":404,"column":32},"end":{"line":404,"column":33}},"loc":{"start":{"line":404,"column":42},"end":{"line":404,"column":65}},"line":404},"38":{"name":"printCart","decl":{"start":{"line":411,"column":9},"end":{"line":411,"column":18}},"loc":{"start":{"line":411,"column":25},"end":{"line":512,"column":1}},"line":411},"39":{"name":"(anonymous_39)","decl":{"start":{"line":486,"column":40},"end":{"line":486,"column":41}},"loc":{"start":{"line":486,"column":46},"end":{"line":491,"column":3}},"line":486},"40":{"name":"(anonymous_40)","decl":{"start":{"line":488,"column":34},"end":{"line":488,"column":35}},"loc":{"start":{"line":488,"column":46},"end":{"line":488,"column":71}},"line":488},"41":{"name":"(anonymous_41)","decl":{"start":{"line":492,"column":39},"end":{"line":492,"column":40}},"loc":{"start":{"line":492,"column":45},"end":{"line":497,"column":3}},"line":492},"42":{"name":"(anonymous_42)","decl":{"start":{"line":494,"column":34},"end":{"line":494,"column":35}},"loc":{"start":{"line":494,"column":46},"end":{"line":494,"column":71}},"line":494},"43":{"name":"(anonymous_43)","decl":{"start":{"line":500,"column":21},"end":{"line":500,"column":22}},"loc":{"start":{"line":500,"column":27},"end":{"line":503,"column":3}},"line":500}},"branchMap":{"0":{"loc":{"start":{"line":54,"column":2},"end":{"line":58,"column":3}},"type":"if","locations":[{"start":{"line":54,"column":2},"end":{"line":58,"column":3}},{"start":{"line":54,"column":2},"end":{"line":58,"column":3}}],"line":54},"1":{"loc":{"start":{"line":83,"column":4},"end":{"line":94,"column":5}},"type":"switch","locations":[{"start":{"line":84,"column":6},"end":{"line":86,"column":13}},{"start":{"line":88,"column":6},"end":{"line":90,"column":13}},{"start":{"line":91,"column":6},"end":{"line":93,"column":13}}],"line":83},"2":{"loc":{"start":{"line":100,"column":2},"end":{"line":111,"column":3}},"type":"if","locations":[{"start":{"line":100,"column":2},"end":{"line":111,"column":3}},{"start":{"line":100,"column":2},"end":{"line":111,"column":3}}],"line":100},"3":{"loc":{"start":{"line":103,"column":9},"end":{"line":111,"column":3}},"type":"if","locations":[{"start":{"line":103,"column":9},"end":{"line":111,"column":3}},{"start":{"line":103,"column":9},"end":{"line":111,"column":3}}],"line":103},"4":{"loc":{"start":{"line":106,"column":9},"end":{"line":111,"column":3}},"type":"if","locations":[{"start":{"line":106,"column":9},"end":{"line":111,"column":3}},{"start":{"line":106,"column":9},"end":{"line":111,"column":3}}],"line":106},"5":{"loc":{"start":{"line":138,"column":8},"end":{"line":138,"column":78}},"type":"binary-expr","locations":[{"start":{"line":138,"column":8},"end":{"line":138,"column":35}},{"start":{"line":138,"column":39},"end":{"line":138,"column":78}}],"line":138},"6":{"loc":{"start":{"line":141,"column":6},"end":{"line":143,"column":36}},"type":"cond-expr","locations":[{"start":{"line":142,"column":10},"end":{"line":142,"column":36}},{"start":{"line":143,"column":10},"end":{"line":143,"column":36}}],"line":141},"7":{"loc":{"start":{"line":165,"column":2},"end":{"line":170,"column":3}},"type":"if","locations":[{"start":{"line":165,"column":2},"end":{"line":170,"column":3}},{"start":{"line":165,"column":2},"end":{"line":170,"column":3}}],"line":165},"8":{"loc":{"start":{"line":165,"column":6},"end":{"line":165,"column":62}},"type":"binary-expr","locations":[{"start":{"line":165,"column":6},"end":{"line":165,"column":21}},{"start":{"line":165,"column":25},"end":{"line":165,"column":62}}],"line":165},"9":{"loc":{"start":{"line":177,"column":2},"end":{"line":188,"column":3}},"type":"if","locations":[{"start":{"line":177,"column":2},"end":{"line":188,"column":3}},{"start":{"line":177,"column":2},"end":{"line":188,"column":3}}],"line":177},"10":{"loc":{"start":{"line":178,"column":4},"end":{"line":179,"column":24}},"type":"binary-expr","locations":[{"start":{"line":178,"column":4},"end":{"line":178,"column":52}},{"start":{"line":179,"column":4},"end":{"line":179,"column":24}}],"line":178},"11":{"loc":{"start":{"line":194,"column":4},"end":{"line":198,"column":5}},"type":"if","locations":[{"start":{"line":194,"column":4},"end":{"line":198,"column":5}},{"start":{"line":194,"column":4},"end":{"line":198,"column":5}}],"line":194},"12":{"loc":{"start":{"line":209,"column":4},"end":{"line":211,"column":5}},"type":"if","locations":[{"start":{"line":209,"column":4},"end":{"line":211,"column":5}},{"start":{"line":209,"column":4},"end":{"line":211,"column":5}}],"line":209},"13":{"loc":{"start":{"line":216,"column":4},"end":{"line":218,"column":5}},"type":"if","locations":[{"start":{"line":216,"column":4},"end":{"line":218,"column":5}},{"start":{"line":216,"column":4},"end":{"line":218,"column":5}}],"line":216},"14":{"loc":{"start":{"line":220,"column":4},"end":{"line":222,"column":5}},"type":"if","locations":[{"start":{"line":220,"column":4},"end":{"line":222,"column":5}},{"start":{"line":220,"column":4},"end":{"line":222,"column":5}}],"line":220},"15":{"loc":{"start":{"line":224,"column":4},"end":{"line":237,"column":5}},"type":"if","locations":[{"start":{"line":224,"column":4},"end":{"line":237,"column":5}},{"start":{"line":224,"column":4},"end":{"line":237,"column":5}}],"line":224},"16":{"loc":{"start":{"line":226,"column":6},"end":{"line":228,"column":7}},"type":"if","locations":[{"start":{"line":226,"column":6},"end":{"line":228,"column":7}},{"start":{"line":226,"column":6},"end":{"line":228,"column":7}}],"line":226},"17":{"loc":{"start":{"line":229,"column":11},"end":{"line":237,"column":5}},"type":"if","locations":[{"start":{"line":229,"column":11},"end":{"line":237,"column":5}},{"start":{"line":229,"column":11},"end":{"line":237,"column":5}}],"line":229},"18":{"loc":{"start":{"line":231,"column":6},"end":{"line":236,"column":7}},"type":"if","locations":[{"start":{"line":231,"column":6},"end":{"line":236,"column":7}},{"start":{"line":231,"column":6},"end":{"line":236,"column":7}}],"line":231},"19":{"loc":{"start":{"line":262,"column":2},"end":{"line":275,"column":3}},"type":"if","locations":[{"start":{"line":262,"column":2},"end":{"line":275,"column":3}},{"start":{"line":262,"column":2},"end":{"line":275,"column":3}}],"line":262},"20":{"loc":{"start":{"line":287,"column":2},"end":{"line":302,"column":3}},"type":"if","locations":[{"start":{"line":287,"column":2},"end":{"line":302,"column":3}},{"start":{"line":287,"column":2},"end":{"line":302,"column":3}}],"line":287},"21":{"loc":{"start":{"line":291,"column":4},"end":{"line":293,"column":5}},"type":"if","locations":[{"start":{"line":291,"column":4},"end":{"line":293,"column":5}},{"start":{"line":291,"column":4},"end":{"line":293,"column":5}}],"line":291},"22":{"loc":{"start":{"line":294,"column":9},"end":{"line":302,"column":3}},"type":"if","locations":[{"start":{"line":294,"column":9},"end":{"line":302,"column":3}},{"start":{"line":294,"column":9},"end":{"line":302,"column":3}}],"line":294},"23":{"loc":{"start":{"line":297,"column":4},"end":{"line":301,"column":5}},"type":"if","locations":[{"start":{"line":297,"column":4},"end":{"line":301,"column":5}},{"start":{"line":297,"column":4},"end":{"line":301,"column":5}}],"line":297},"24":{"loc":{"start":{"line":314,"column":2},"end":{"line":372,"column":3}},"type":"if","locations":[{"start":{"line":314,"column":2},"end":{"line":372,"column":3}},{"start":{"line":314,"column":2},"end":{"line":372,"column":3}}],"line":314},"25":{"loc":{"start":{"line":317,"column":4},"end":{"line":324,"column":5}},"type":"if","locations":[{"start":{"line":317,"column":4},"end":{"line":324,"column":5}},{"start":{"line":317,"column":4},"end":{"line":324,"column":5}}],"line":317},"26":{"loc":{"start":{"line":318,"column":6},"end":{"line":319,"column":50}},"type":"binary-expr","locations":[{"start":{"line":318,"column":6},"end":{"line":318,"column":38}},{"start":{"line":319,"column":6},"end":{"line":319,"column":50}}],"line":318},"27":{"loc":{"start":{"line":326,"column":4},"end":{"line":345,"column":5}},"type":"if","locations":[{"start":{"line":326,"column":4},"end":{"line":345,"column":5}},{"start":{"line":326,"column":4},"end":{"line":345,"column":5}}],"line":326},"28":{"loc":{"start":{"line":335,"column":6},"end":{"line":344,"column":7}},"type":"if","locations":[{"start":{"line":335,"column":6},"end":{"line":344,"column":7}},{"start":{"line":335,"column":6},"end":{"line":344,"column":7}}],"line":335},"29":{"loc":{"start":{"line":336,"column":8},"end":{"line":338,"column":33}},"type":"binary-expr","locations":[{"start":{"line":336,"column":8},"end":{"line":336,"column":30}},{"start":{"line":337,"column":8},"end":{"line":337,"column":32}},{"start":{"line":338,"column":8},"end":{"line":338,"column":33}}],"line":336},"30":{"loc":{"start":{"line":347,"column":4},"end":{"line":360,"column":5}},"type":"if","locations":[{"start":{"line":347,"column":4},"end":{"line":360,"column":5}},{"start":{"line":347,"column":4},"end":{"line":360,"column":5}}],"line":347},"31":{"loc":{"start":{"line":354,"column":6},"end":{"line":359,"column":7}},"type":"if","locations":[{"start":{"line":354,"column":6},"end":{"line":359,"column":7}},{"start":{"line":354,"column":6},"end":{"line":359,"column":7}}],"line":354},"32":{"loc":{"start":{"line":354,"column":10},"end":{"line":354,"column":60}},"type":"binary-expr","locations":[{"start":{"line":354,"column":10},"end":{"line":354,"column":32}},{"start":{"line":354,"column":36},"end":{"line":354,"column":60}}],"line":354},"33":{"loc":{"start":{"line":362,"column":4},"end":{"line":368,"column":5}},"type":"if","locations":[{"start":{"line":362,"column":4},"end":{"line":368,"column":5}},{"start":{"line":362,"column":4},"end":{"line":368,"column":5}}],"line":362},"34":{"loc":{"start":{"line":369,"column":4},"end":{"line":369,"column":58}},"type":"if","locations":[{"start":{"line":369,"column":4},"end":{"line":369,"column":58}},{"start":{"line":369,"column":4},"end":{"line":369,"column":58}}],"line":369},"35":{"loc":{"start":{"line":380,"column":2},"end":{"line":385,"column":3}},"type":"if","locations":[{"start":{"line":380,"column":2},"end":{"line":385,"column":3}},{"start":{"line":380,"column":2},"end":{"line":385,"column":3}}],"line":380},"36":{"loc":{"start":{"line":389,"column":2},"end":{"line":389,"column":68}},"type":"if","locations":[{"start":{"line":389,"column":2},"end":{"line":389,"column":68}},{"start":{"line":389,"column":2},"end":{"line":389,"column":68}}],"line":389},"37":{"loc":{"start":{"line":415,"column":2},"end":{"line":415,"column":41}},"type":"if","locations":[{"start":{"line":415,"column":2},"end":{"line":415,"column":41}},{"start":{"line":415,"column":2},"end":{"line":415,"column":41}}],"line":415},"38":{"loc":{"start":{"line":420,"column":2},"end":{"line":420,"column":41}},"type":"if","locations":[{"start":{"line":420,"column":2},"end":{"line":420,"column":41}},{"start":{"line":420,"column":2},"end":{"line":420,"column":41}}],"line":420},"39":{"loc":{"start":{"line":448,"column":6},"end":{"line":451,"column":53}},"type":"binary-expr","locations":[{"start":{"line":448,"column":7},"end":{"line":448,"column":14}},{"start":{"line":448,"column":18},"end":{"line":448,"column":56}},{"start":{"line":449,"column":7},"end":{"line":449,"column":14}},{"start":{"line":449,"column":18},"end":{"line":449,"column":62}},{"start":{"line":450,"column":7},"end":{"line":450,"column":14}},{"start":{"line":450,"column":18},"end":{"line":450,"column":56}},{"start":{"line":451,"column":7},"end":{"line":451,"column":14}},{"start":{"line":451,"column":18},"end":{"line":451,"column":52}}],"line":448},"40":{"loc":{"start":{"line":453,"column":4},"end":{"line":461,"column":5}},"type":"if","locations":[{"start":{"line":453,"column":4},"end":{"line":461,"column":5}},{"start":{"line":453,"column":4},"end":{"line":461,"column":5}}],"line":453},"41":{"loc":{"start":{"line":463,"column":4},"end":{"line":467,"column":5}},"type":"if","locations":[{"start":{"line":463,"column":4},"end":{"line":467,"column":5}},{"start":{"line":463,"column":4},"end":{"line":467,"column":5}}],"line":463},"42":{"loc":{"start":{"line":469,"column":4},"end":{"line":481,"column":5}},"type":"if","locations":[{"start":{"line":469,"column":4},"end":{"line":481,"column":5}},{"start":{"line":469,"column":4},"end":{"line":481,"column":5}}],"line":469},"43":{"loc":{"start":{"line":472,"column":6},"end":{"line":478,"column":7}},"type":"if","locations":[{"start":{"line":472,"column":6},"end":{"line":478,"column":7}},{"start":{"line":472,"column":6},"end":{"line":478,"column":7}}],"line":472},"44":{"loc":{"start":{"line":511,"column":2},"end":{"line":511,"column":55}},"type":"if","locations":[{"start":{"line":511,"column":2},"end":{"line":511,"column":55}},{"start":{"line":511,"column":2},"end":{"line":511,"column":55}}],"line":511}},"s":{"0":1,"1":1,"2":1,"3":1,"4":1,"5":1,"6":0,"7":0,"8":0,"9":1,"10":0,"11":0,"12":1,"13":1,"14":1,"15":1,"16":6,"17":19,"18":6,"19":1,"20":5,"21":6,"22":1,"23":1,"24":1,"25":0,"26":0,"27":0,"28":0,"29":0,"30":0,"31":0,"32":0,"33":0,"34":0,"35":0,"36":0,"37":1,"38":0,"39":0,"40":0,"41":0,"42":0,"43":0,"44":0,"45":0,"46":0,"47":0,"48":0,"49":0,"50":0,"51":0,"52":0,"53":1,"54":1,"55":0,"56":0,"57":0,"58":0,"59":0,"60":0,"61":0,"62":0,"63":1,"64":0,"65":0,"66":0,"67":0,"68":0,"69":0,"70":0,"71":0,"72":0,"73":1,"74":0,"75":0,"76":0,"77":0,"78":0,"79":0,"80":0,"81":0,"82":0,"83":0,"84":0,"85":0,"86":0,"87":0,"88":0,"89":0,"90":0,"91":0,"92":0,"93":0,"94":0,"95":0,"96":0,"97":0,"98":0,"99":0,"100":0,"101":0,"102":0,"103":0,"104":0,"105":0,"106":0,"107":0,"108":0,"109":0,"110":0,"111":0,"112":0,"113":0,"114":0,"115":0,"116":0,"117":0,"118":0,"119":0,"120":0,"121":0,"122":0,"123":0,"124":0,"125":0,"126":0,"127":0,"128":0,"129":0,"130":0,"131":0,"132":0,"133":1,"134":0,"135":0,"136":0,"137":0,"138":0,"139":0,"140":0,"141":0,"142":0,"143":0,"144":0,"145":0,"146":0,"147":0,"148":0,"149":0,"150":0,"151":0,"152":0,"153":0,"154":0,"155":0,"156":0,"157":0,"158":0,"159":0,"160":0,"161":0,"162":0,"163":0,"164":0,"165":0,"166":0,"167":0,"168":0,"169":0,"170":0,"171":0,"172":0,"173":0,"174":0,"175":0,"176":0,"177":0,"178":0,"179":0,"180":0,"181":0,"182":0,"183":0,"184":0,"185":1,"186":0,"187":0,"188":0,"189":0,"190":0,"191":0,"192":0,"193":0,"194":0,"195":0,"196":0,"197":0,"198":0,"199":0,"200":0,"201":0,"202":0,"203":0,"204":0,"205":0,"206":0,"207":0,"208":0,"209":0,"210":0,"211":0,"212":0,"213":0,"214":0,"215":0,"216":0,"217":0,"218":0,"219":0,"220":0,"221":0,"222":0,"223":0,"224":0,"225":0,"226":0,"227":0,"228":0,"229":0,"230":0,"231":0,"232":0,"233":0,"234":0,"235":0,"236":0,"237":0,"238":0,"239":0,"240":0,"241":0,"242":0,"243":0,"244":0,"245":0,"246":0,"247":0,"248":0,"249":0,"250":0,"251":0,"252":0,"253":0,"254":0,"255":0,"256":0,"257":0,"258":0,"259":0,"260":0,"261":0,"262":1},"f":{"0":0,"1":0,"2":0,"3":6,"4":19,"5":1,"6":0,"7":0,"8":0,"9":0,"10":0,"11":0,"12":0,"13":0,"14":0,"15":0,"16":0,"17":0,"18":0,"19":0,"20":0,"21":0,"22":0,"23":0,"24":0,"25":0,"26":0,"27":0,"28":0,"29":0,"30":0,"31":0,"32":0,"33":0,"34":0,"35":0,"36":0,"37":0,"38":0,"39":0,"40":0,"41":0,"42":0,"43":0},"b":{"0":[1,5],"1":[0,0,0],"2":[0,0],"3":[0,0],"4":[0,0],"5":[0,0],"6":[0,0],"7":[0,0],"8":[0,0],"9":[0,0],"10":[0,0],"11":[0,0],"12":[0,0],"13":[0,0],"14":[0,0],"15":[0,0],"16":[0,0],"17":[0,0],"18":[0,0],"19":[0,0],"20":[0,0],"21":[0,0],"22":[0,0],"23":[0,0],"24":[0,0],"25":[0,0],"26":[0,0],"27":[0,0],"28":[0,0],"29":[0,0,0],"30":[0,0],"31":[0,0],"32":[0,0],"33":[0,0],"34":[0,0],"35":[0,0],"36":[0,0],"37":[0,0],"38":[0,0],"39":[0,0,0,0,0,0,0,0],"40":[0,0],"41":[0,0],"42":[0,0],"43":[0,0],"44":[0,0]},"_coverageSchema":"1a1c01bbd47fc00a2c39e90264f33305004495a9","hash":"f460b0917d9391f1276b80eb1add7cfee7097df7"}
}
