TN:
SF:js/grocery.js
FN:12,changeIcon
FN:14,(anonymous_1)
FN:19,(anonymous_2)
FN:47,addToCartList
FN:48,(anonymous_4)
FN:60,cleanCart
FN:72,calculateSubtotals
FN:95,(anonymous_7)
FN:111,calculateTotal
FN:126,applyPromotionsSubtotals
FN:134,(anonymous_10)
FN:137,(anonymous_11)
FN:151,(anonymous_12)
FN:170,(anonymous_13)
FN:189,generateCart
FN:190,(anonymous_15)
FN:199,(anonymous_16)
FN:202,(anonymous_17)
FN:203,(anonymous_18)
FN:204,(anonymous_19)
FN:241,applyPromotionsCart
FN:242,(anonymous_21)
FN:246,(anonymous_22)
FN:251,addToCart
FN:252,(anonymous_24)
FN:258,(anonymous_25)
FN:278,(anonymous_26)
FN:279,(anonymous_27)
FN:305,removeFromCart
FN:306,(anonymous_29)
FN:308,(anonymous_30)
FN:362,(anonymous_31)
FN:373,(anonymous_32)
FN:374,(anonymous_33)
FN:381,(anonymous_34)
FN:386,selectItem
FN:393,(anonymous_36)
FN:402,(anonymous_37)
FN:409,printCart
FN:484,(anonymous_39)
FN:486,(anonymous_40)
FN:490,(anonymous_41)
FN:492,(anonymous_42)
FN:498,(anonymous_43)
FNF:44
FNH:20
FNDA:0,changeIcon
FNDA:0,(anonymous_1)
FNDA:0,(anonymous_2)
FNDA:12,addToCartList
FNDA:27,(anonymous_4)
FNDA:1,cleanCart
FNDA:4,calculateSubtotals
FNDA:4,(anonymous_7)
FNDA:2,calculateTotal
FNDA:1,applyPromotionsSubtotals
FNDA:6,(anonymous_10)
FNDA:4,(anonymous_11)
FNDA:3,(anonymous_12)
FNDA:3,(anonymous_13)
FNDA:1,generateCart
FNDA:6,(anonymous_15)
FNDA:6,(anonymous_16)
FNDA:2,(anonymous_17)
FNDA:4,(anonymous_18)
FNDA:1,(anonymous_19)
FNDA:2,applyPromotionsCart
FNDA:4,(anonymous_21)
FNDA:4,(anonymous_22)
FNDA:0,addToCart
FNDA:0,(anonymous_24)
FNDA:0,(anonymous_25)
FNDA:0,(anonymous_26)
FNDA:0,(anonymous_27)
FNDA:0,removeFromCart
FNDA:0,(anonymous_29)
FNDA:0,(anonymous_30)
FNDA:0,(anonymous_31)
FNDA:0,(anonymous_32)
FNDA:0,(anonymous_33)
FNDA:0,(anonymous_34)
FNDA:0,selectItem
FNDA:0,(anonymous_36)
FNDA:0,(anonymous_37)
FNDA:0,printCart
FNDA:0,(anonymous_39)
FNDA:0,(anonymous_40)
FNDA:0,(anonymous_41)
FNDA:0,(anonymous_42)
FNDA:0,(anonymous_43)
DA:3,1
DA:4,1
DA:5,1
DA:6,1
DA:8,1
DA:10,1
DA:13,0
DA:14,0
DA:15,0
DA:19,1
DA:20,0
DA:22,0
DA:25,1
DA:26,1
DA:27,1
DA:42,1
DA:48,27
DA:50,12
DA:51,1
DA:53,11
DA:56,12
DA:61,1
DA:62,1
DA:67,1
DA:73,4
DA:78,4
DA:79,14
DA:81,14
DA:82,14
DA:85,0
DA:86,0
DA:88,0
DA:89,0
DA:92,4
DA:93,4
DA:95,1
DA:96,4
DA:97,4
DA:98,4
DA:99,0
DA:100,0
DA:101,0
DA:102,0
DA:103,0
DA:104,0
DA:106,0
DA:112,2
DA:114,2
DA:115,2
DA:116,6
DA:118,2
DA:119,2
DA:124,1
DA:125,1
DA:127,1
DA:132,1
DA:135,6
DA:138,4
DA:143,1
DA:145,1
DA:146,1
DA:148,1
DA:151,1
DA:152,3
DA:154,3
DA:156,3
DA:158,3
DA:160,3
DA:162,3
DA:163,2
DA:164,2
DA:166,2
DA:170,1
DA:171,3
DA:172,3
DA:174,3
DA:178,3
DA:179,3
DA:181,3
DA:183,3
DA:184,3
DA:190,1
DA:191,6
DA:192,2
DA:194,4
DA:196,6
DA:199,6
DA:200,1
DA:202,1
DA:203,4
DA:204,2
DA:206,2
DA:207,2
DA:210,2
DA:211,2
DA:213,2
DA:214,2
DA:217,2
DA:218,2
DA:221,2
DA:222,1
DA:223,1
DA:224,1
DA:226,1
DA:227,0
DA:228,0
DA:229,0
DA:231,0
DA:232,0
DA:236,1
DA:237,1
DA:242,2
DA:243,4
DA:246,4
DA:247,2
DA:252,0
DA:254,0
DA:256,0
DA:258,0
DA:260,0
DA:261,0
DA:267,0
DA:268,0
DA:269,0
DA:271,0
DA:272,0
DA:275,0
DA:278,1
DA:279,0
DA:281,0
DA:283,0
DA:285,0
DA:286,0
DA:288,0
DA:289,0
DA:290,0
DA:292,0
DA:293,0
DA:295,0
DA:296,0
DA:298,0
DA:306,0
DA:308,0
DA:310,0
DA:312,0
DA:313,0
DA:315,0
DA:319,0
DA:320,0
DA:321,0
DA:324,0
DA:325,0
DA:327,0
DA:329,0
DA:331,0
DA:333,0
DA:338,0
DA:339,0
DA:341,0
DA:345,0
DA:346,0
DA:347,0
DA:349,0
DA:350,0
DA:352,0
DA:353,0
DA:355,0
DA:356,0
DA:360,0
DA:361,0
DA:362,0
DA:364,0
DA:365,0
DA:367,0
DA:369,0
DA:373,1
DA:374,0
DA:376,0
DA:378,0
DA:379,0
DA:381,0
DA:382,0
DA:387,0
DA:389,0
DA:391,0
DA:393,0
DA:394,0
DA:397,0
DA:399,0
DA:400,0
DA:402,0
DA:404,0
DA:410,0
DA:413,0
DA:414,0
DA:415,0
DA:416,0
DA:418,0
DA:420,0
DA:421,0
DA:429,0
DA:431,0
DA:432,0
DA:434,0
DA:443,0
DA:446,0
DA:451,0
DA:452,0
DA:454,0
DA:455,0
DA:456,0
DA:458,0
DA:461,0
DA:462,0
DA:464,0
DA:467,0
DA:468,0
DA:470,0
DA:471,0
DA:472,0
DA:473,0
DA:475,0
DA:478,0
DA:482,0
DA:484,0
DA:485,0
DA:486,0
DA:487,0
DA:488,0
DA:490,0
DA:491,0
DA:492,0
DA:493,0
DA:494,0
DA:497,0
DA:498,0
DA:499,0
DA:500,0
DA:503,0
DA:505,0
DA:507,0
DA:509,0
DA:512,1
LF:243
LH:97
BRDA:50,0,0,1
BRDA:50,0,1,11
BRDA:79,1,0,14
BRDA:79,1,1,0
BRDA:79,1,2,0
BRDA:96,2,0,4
BRDA:96,2,1,0
BRDA:99,3,0,0
BRDA:99,3,1,0
BRDA:102,4,0,0
BRDA:102,4,1,0
BRDA:135,5,0,6
BRDA:135,5,1,2
BRDA:138,6,0,4
BRDA:138,6,1,0
BRDA:162,7,0,2
BRDA:162,7,1,1
BRDA:162,8,0,3
BRDA:162,8,1,2
BRDA:174,9,0,3
BRDA:174,9,1,0
BRDA:175,10,0,3
BRDA:175,10,1,3
BRDA:191,11,0,2
BRDA:191,11,1,4
BRDA:206,12,0,2
BRDA:206,12,1,0
BRDA:213,13,0,2
BRDA:213,13,1,0
BRDA:217,14,0,2
BRDA:217,14,1,0
BRDA:221,15,0,1
BRDA:221,15,1,1
BRDA:223,16,0,1
BRDA:223,16,1,0
BRDA:226,17,0,0
BRDA:226,17,1,1
BRDA:228,18,0,0
BRDA:228,18,1,0
BRDA:260,19,0,0
BRDA:260,19,1,0
BRDA:285,20,0,0
BRDA:285,20,1,0
BRDA:289,21,0,0
BRDA:289,21,1,0
BRDA:292,22,0,0
BRDA:292,22,1,0
BRDA:295,23,0,0
BRDA:295,23,1,0
BRDA:312,24,0,0
BRDA:312,24,1,0
BRDA:315,25,0,0
BRDA:315,25,1,0
BRDA:316,26,0,0
BRDA:316,26,1,0
BRDA:324,27,0,0
BRDA:324,27,1,0
BRDA:333,28,0,0
BRDA:333,28,1,0
BRDA:334,29,0,0
BRDA:334,29,1,0
BRDA:334,29,2,0
BRDA:345,30,0,0
BRDA:345,30,1,0
BRDA:352,31,0,0
BRDA:352,31,1,0
BRDA:352,32,0,0
BRDA:352,32,1,0
BRDA:360,33,0,0
BRDA:360,33,1,0
BRDA:367,34,0,0
BRDA:367,34,1,0
BRDA:378,35,0,0
BRDA:378,35,1,0
BRDA:387,36,0,0
BRDA:387,36,1,0
BRDA:413,37,0,0
BRDA:413,37,1,0
BRDA:418,38,0,0
BRDA:418,38,1,0
BRDA:446,39,0,0
BRDA:446,39,1,0
BRDA:446,39,2,0
BRDA:446,39,3,0
BRDA:446,39,4,0
BRDA:446,39,5,0
BRDA:446,39,6,0
BRDA:446,39,7,0
BRDA:451,40,0,0
BRDA:451,40,1,0
BRDA:461,41,0,0
BRDA:461,41,1,0
BRDA:467,42,0,0
BRDA:467,42,1,0
BRDA:470,43,0,0
BRDA:470,43,1,0
BRDA:509,44,0,0
BRDA:509,44,1,0
BRF:98
BRH:23
end_of_record
TN:
SF:js/products.js
FNF:0
FNH:0
DA:1,1
LF:1
LH:1
BRF:0
BRH:0
end_of_record
