TN:
SF:js/grocery.js
FN:12,changeIcon
FN:14,(anonymous_1)
FN:19,(anonymous_2)
FN:47,addToCartList
FN:48,(anonymous_4)
FN:60,cleanCart
FN:65,cleanDefinive
FN:76,calculateSubtotals
FN:99,(anonymous_8)
FN:115,calculateTotal
FN:130,applyPromotionsSubtotals
FN:138,(anonymous_11)
FN:141,(anonymous_12)
FN:155,(anonymous_13)
FN:174,(anonymous_14)
FN:193,generateCart
FN:194,(anonymous_16)
FN:203,(anonymous_17)
FN:206,(anonymous_18)
FN:207,(anonymous_19)
FN:208,(anonymous_20)
FN:245,applyPromotionsCart
FN:246,(anonymous_22)
FN:250,(anonymous_23)
FN:255,addToCart
FN:256,(anonymous_25)
FN:263,(anonymous_26)
FN:283,(anonymous_27)
FN:284,(anonymous_28)
FN:311,removeFromCart
FN:312,(anonymous_30)
FN:314,(anonymous_31)
FN:369,(anonymous_32)
FN:382,(anonymous_33)
FN:383,(anonymous_34)
FN:391,(anonymous_35)
FN:397,selectItem
FN:404,(anonymous_37)
FN:413,(anonymous_38)
FN:420,printCart
FN:495,(anonymous_40)
FN:497,(anonymous_41)
FN:501,(anonymous_42)
FN:503,(anonymous_43)
FN:509,(anonymous_44)
FNF:45
FNH:33
FNDA:0,changeIcon
FNDA:0,(anonymous_1)
FNDA:0,(anonymous_2)
FNDA:13,addToCartList
FNDA:28,(anonymous_4)
FNDA:1,cleanCart
FNDA:2,cleanDefinive
FNDA:4,calculateSubtotals
FNDA:4,(anonymous_8)
FNDA:2,calculateTotal
FNDA:1,applyPromotionsSubtotals
FNDA:6,(anonymous_11)
FNDA:4,(anonymous_12)
FNDA:3,(anonymous_13)
FNDA:4,(anonymous_14)
FNDA:1,generateCart
FNDA:6,(anonymous_16)
FNDA:6,(anonymous_17)
FNDA:2,(anonymous_18)
FNDA:4,(anonymous_19)
FNDA:1,(anonymous_20)
FNDA:2,applyPromotionsCart
FNDA:4,(anonymous_22)
FNDA:4,(anonymous_23)
FNDA:3,addToCart
FNDA:14,(anonymous_25)
FNDA:3,(anonymous_26)
FNDA:1,(anonymous_27)
FNDA:2,(anonymous_28)
FNDA:1,removeFromCart
FNDA:6,(anonymous_30)
FNDA:3,(anonymous_31)
FNDA:3,(anonymous_32)
FNDA:2,(anonymous_33)
FNDA:1,(anonymous_34)
FNDA:2,(anonymous_35)
FNDA:0,selectItem
FNDA:0,(anonymous_37)
FNDA:0,(anonymous_38)
FNDA:0,printCart
FNDA:0,(anonymous_40)
FNDA:0,(anonymous_41)
FNDA:0,(anonymous_42)
FNDA:0,(anonymous_43)
FNDA:0,(anonymous_44)
DA:3,1
DA:4,1
DA:5,1
DA:6,1
DA:8,1
DA:10,1
DA:13,0
DA:14,0
DA:15,0
DA:19,1
DA:20,0
DA:22,0
DA:25,1
DA:26,1
DA:27,1
DA:42,1
DA:44,1
DA:48,28
DA:50,13
DA:51,1
DA:53,12
DA:56,13
DA:61,1
DA:62,1
DA:66,2
DA:67,2
DA:71,1
DA:77,4
DA:82,4
DA:83,14
DA:85,14
DA:86,14
DA:89,0
DA:90,0
DA:92,0
DA:93,0
DA:96,4
DA:97,4
DA:99,1
DA:100,4
DA:101,4
DA:102,4
DA:103,0
DA:104,0
DA:105,0
DA:106,0
DA:107,0
DA:108,0
DA:110,0
DA:116,2
DA:118,2
DA:119,2
DA:120,6
DA:122,2
DA:123,2
DA:128,1
DA:129,1
DA:131,1
DA:136,1
DA:139,6
DA:142,4
DA:147,1
DA:149,1
DA:150,1
DA:152,1
DA:155,1
DA:156,3
DA:158,3
DA:160,3
DA:162,3
DA:164,3
DA:166,3
DA:167,2
DA:168,2
DA:170,2
DA:174,1
DA:175,4
DA:176,4
DA:178,4
DA:182,3
DA:183,3
DA:185,3
DA:187,3
DA:188,3
DA:194,1
DA:195,6
DA:196,2
DA:198,4
DA:200,6
DA:203,6
DA:204,1
DA:206,1
DA:207,4
DA:208,2
DA:210,2
DA:211,2
DA:214,2
DA:215,2
DA:217,2
DA:218,2
DA:221,2
DA:222,2
DA:225,2
DA:226,1
DA:227,1
DA:228,1
DA:230,1
DA:231,0
DA:232,0
DA:233,0
DA:235,0
DA:236,0
DA:240,1
DA:241,1
DA:246,2
DA:247,4
DA:250,4
DA:251,2
DA:256,14
DA:258,3
DA:259,0
DA:261,3
DA:263,3
DA:265,3
DA:266,3
DA:272,3
DA:273,3
DA:274,3
DA:276,0
DA:277,0
DA:280,3
DA:283,1
DA:284,2
DA:286,1
DA:288,1
DA:290,1
DA:291,1
DA:293,1
DA:294,1
DA:295,0
DA:297,0
DA:298,0
DA:300,0
DA:301,0
DA:303,0
DA:306,1
DA:312,6
DA:314,3
DA:316,1
DA:317,0
DA:319,1
DA:320,1
DA:322,1
DA:326,1
DA:327,1
DA:328,1
DA:331,1
DA:332,0
DA:334,0
DA:336,0
DA:338,0
DA:340,0
DA:345,0
DA:346,0
DA:348,0
DA:352,1
DA:353,0
DA:354,0
DA:356,0
DA:357,0
DA:359,0
DA:360,0
DA:362,0
DA:363,0
DA:367,1
DA:368,1
DA:369,3
DA:371,1
DA:372,1
DA:374,1
DA:376,0
DA:379,1
DA:382,1
DA:383,2
DA:385,2
DA:387,2
DA:388,1
DA:389,1
DA:391,2
DA:392,1
DA:393,1
DA:398,0
DA:400,0
DA:402,0
DA:404,0
DA:405,0
DA:408,0
DA:410,0
DA:411,0
DA:413,0
DA:415,0
DA:421,0
DA:424,0
DA:425,0
DA:426,0
DA:427,0
DA:429,0
DA:431,0
DA:432,0
DA:440,0
DA:442,0
DA:443,0
DA:445,0
DA:454,0
DA:457,0
DA:462,0
DA:463,0
DA:465,0
DA:466,0
DA:467,0
DA:469,0
DA:472,0
DA:473,0
DA:475,0
DA:478,0
DA:479,0
DA:481,0
DA:482,0
DA:483,0
DA:484,0
DA:486,0
DA:489,0
DA:493,0
DA:495,0
DA:496,0
DA:497,0
DA:498,0
DA:499,0
DA:501,0
DA:502,0
DA:503,0
DA:504,0
DA:505,0
DA:508,0
DA:509,0
DA:510,0
DA:511,0
DA:514,0
DA:516,0
DA:518,0
DA:520,0
DA:523,1
LF:252
LH:144
BRDA:44,0,0,0
BRDA:44,0,1,1
BRDA:44,1,0,1
BRDA:44,1,1,0
BRDA:50,2,0,1
BRDA:50,2,1,12
BRDA:83,3,0,14
BRDA:83,3,1,0
BRDA:83,3,2,0
BRDA:100,4,0,4
BRDA:100,4,1,0
BRDA:103,5,0,0
BRDA:103,5,1,0
BRDA:106,6,0,0
BRDA:106,6,1,0
BRDA:139,7,0,6
BRDA:139,7,1,2
BRDA:142,8,0,4
BRDA:142,8,1,0
BRDA:166,9,0,2
BRDA:166,9,1,1
BRDA:166,10,0,3
BRDA:166,10,1,2
BRDA:178,11,0,3
BRDA:178,11,1,1
BRDA:179,12,0,4
BRDA:179,12,1,4
BRDA:195,13,0,2
BRDA:195,13,1,4
BRDA:210,14,0,2
BRDA:210,14,1,0
BRDA:217,15,0,2
BRDA:217,15,1,0
BRDA:221,16,0,2
BRDA:221,16,1,0
BRDA:225,17,0,1
BRDA:225,17,1,1
BRDA:227,18,0,1
BRDA:227,18,1,0
BRDA:230,19,0,0
BRDA:230,19,1,1
BRDA:232,20,0,0
BRDA:232,20,1,0
BRDA:258,21,0,0
BRDA:258,21,1,3
BRDA:265,22,0,3
BRDA:265,22,1,0
BRDA:290,23,0,1
BRDA:290,23,1,0
BRDA:294,24,0,0
BRDA:294,24,1,1
BRDA:297,25,0,0
BRDA:297,25,1,0
BRDA:300,26,0,0
BRDA:300,26,1,0
BRDA:316,27,0,0
BRDA:316,27,1,1
BRDA:319,28,0,1
BRDA:319,28,1,0
BRDA:322,29,0,1
BRDA:322,29,1,0
BRDA:323,30,0,1
BRDA:323,30,1,1
BRDA:331,31,0,0
BRDA:331,31,1,1
BRDA:340,32,0,0
BRDA:340,32,1,0
BRDA:341,33,0,0
BRDA:341,33,1,0
BRDA:341,33,2,0
BRDA:352,34,0,0
BRDA:352,34,1,1
BRDA:359,35,0,0
BRDA:359,35,1,0
BRDA:359,36,0,0
BRDA:359,36,1,0
BRDA:367,37,0,1
BRDA:367,37,1,0
BRDA:374,38,0,0
BRDA:374,38,1,1
BRDA:387,39,0,1
BRDA:387,39,1,1
BRDA:398,40,0,0
BRDA:398,40,1,0
BRDA:424,41,0,0
BRDA:424,41,1,0
BRDA:429,42,0,0
BRDA:429,42,1,0
BRDA:457,43,0,0
BRDA:457,43,1,0
BRDA:457,43,2,0
BRDA:457,43,3,0
BRDA:457,43,4,0
BRDA:457,43,5,0
BRDA:457,43,6,0
BRDA:457,43,7,0
BRDA:462,44,0,0
BRDA:462,44,1,0
BRDA:472,45,0,0
BRDA:472,45,1,0
BRDA:478,46,0,0
BRDA:478,46,1,0
BRDA:481,47,0,0
BRDA:481,47,1,0
BRDA:520,48,0,0
BRDA:520,48,1,0
BRF:106
BRH:41
end_of_record
TN:
SF:js/products.js
FNF:0
FNH:0
DA:1,1
LF:1
LH:1
BRF:0
BRH:0
end_of_record
